{"/home/travis/build/npmtest/node-npmtest-grunt-sftp-deploy/test.js":{"path":"/home/travis/build/npmtest/node-npmtest-grunt-sftp-deploy/test.js","s":{"1":2,"2":2,"3":2,"4":2,"5":2,"6":2,"7":2,"8":1,"9":2,"10":2,"11":1,"12":1,"13":1,"14":1,"15":2,"16":2,"17":2,"18":2,"19":1,"20":1,"21":2,"22":2,"23":2,"24":1,"25":1,"26":1,"27":1,"28":1,"29":1,"30":1,"31":1,"32":1,"33":1,"34":1,"35":1,"36":1,"37":1,"38":1,"39":2,"40":2,"41":1,"42":2,"43":2,"44":1,"45":2,"46":2,"47":1,"48":2,"49":2,"50":1,"51":1,"52":1,"53":1,"54":1},"b":{"1":[2,1,1,1],"2":[1,1,1,1],"3":[1,1],"4":[1,1],"5":[1,1],"6":[1,1],"7":[1,1],"8":[1,1],"9":[1,1],"10":[1,1,1],"11":[1,1],"12":[1,1],"13":[1,1],"14":[1,1],"15":[1,1],"16":[1,1],"17":[1,1]},"f":{"1":2,"2":2,"3":2,"4":2,"5":2,"6":1,"7":1,"8":1,"9":2,"10":2,"11":2,"12":2,"13":1},"fnMap":{"1":{"name":"(anonymous_1)","line":12,"loc":{"start":{"line":12,"column":1},"end":{"line":12,"column":13}}},"2":{"name":"(anonymous_2)","line":19,"loc":{"start":{"line":19,"column":5},"end":{"line":19,"column":17}}},"3":{"name":"(anonymous_3)","line":23,"loc":{"start":{"line":23,"column":24},"end":{"line":23,"column":36}}},"4":{"name":"(anonymous_4)","line":61,"loc":{"start":{"line":61,"column":5},"end":{"line":61,"column":17}}},"5":{"name":"(anonymous_5)","line":82,"loc":{"start":{"line":82,"column":5},"end":{"line":82,"column":17}}},"6":{"name":"(anonymous_6)","line":91,"loc":{"start":{"line":91,"column":77},"end":{"line":94,"column":10}}},"7":{"name":"(anonymous_7)","line":112,"loc":{"start":{"line":112,"column":83},"end":{"line":115,"column":10}},"skip":true},"8":{"name":"(anonymous_8)","line":123,"loc":{"start":{"line":123,"column":77},"end":{"line":126,"column":10}},"skip":true},"9":{"name":"(anonymous_9)","line":139,"loc":{"start":{"line":139,"column":12},"end":{"line":139,"column":40}},"skip":true},"10":{"name":"(anonymous_10)","line":147,"loc":{"start":{"line":147,"column":77},"end":{"line":150,"column":10}},"skip":true},"11":{"name":"(anonymous_11)","line":158,"loc":{"start":{"line":158,"column":83},"end":{"line":161,"column":10}},"skip":true},"12":{"name":"(anonymous_12)","line":169,"loc":{"start":{"line":169,"column":79},"end":{"line":172,"column":10}},"skip":true},"13":{"name":"(anonymous_13)","line":180,"loc":{"start":{"line":180,"column":75},"end":{"line":183,"column":10}},"skip":true}},"statementMap":{"1":{"start":{"line":12,"column":0},"end":{"line":195,"column":5}},"2":{"start":{"line":14,"column":4},"end":{"line":14,"column":14}},"3":{"start":{"line":19,"column":4},"end":{"line":56,"column":9}},"4":{"start":{"line":21,"column":8},"end":{"line":21,"column":19}},"5":{"start":{"line":23,"column":8},"end":{"line":35,"column":13}},"6":{"start":{"line":24,"column":12},"end":{"line":34,"column":13}},"7":{"start":{"line":25,"column":16},"end":{"line":28,"column":30}},"8":{"start":{"line":30,"column":16},"end":{"line":33,"column":27}},"9":{"start":{"line":37,"column":8},"end":{"line":39,"column":21}},"10":{"start":{"line":40,"column":8},"end":{"line":53,"column":9}},"11":{"start":{"line":43,"column":12},"end":{"line":46,"column":14}},"12":{"start":{"line":47,"column":12},"end":{"line":47,"column":18}},"13":{"start":{"line":50,"column":12},"end":{"line":51,"column":33}},"14":{"start":{"line":52,"column":12},"end":{"line":52,"column":18}},"15":{"start":{"line":55,"column":8},"end":{"line":55,"column":35}},"16":{"start":{"line":61,"column":4},"end":{"line":63,"column":9}},"17":{"start":{"line":62,"column":8},"end":{"line":62,"column":15}},"18":{"start":{"line":64,"column":4},"end":{"line":77,"column":5}},"19":{"start":{"line":70,"column":8},"end":{"line":70,"column":14}},"20":{"start":{"line":76,"column":8},"end":{"line":76,"column":14}},"21":{"start":{"line":82,"column":4},"end":{"line":84,"column":9}},"22":{"start":{"line":83,"column":8},"end":{"line":83,"column":15}},"23":{"start":{"line":85,"column":4},"end":{"line":194,"column":5}},"24":{"start":{"line":91,"column":8},"end":{"line":99,"column":10}},"25":{"start":{"line":98,"column":12},"end":{"line":98,"column":35}},"26":{"start":{"line":102,"column":8},"end":{"line":104,"column":63}},"27":{"start":{"line":105,"column":8},"end":{"line":105,"column":14}},"28":{"start":{"line":112,"column":8},"end":{"line":121,"column":10},"skip":true},"29":{"start":{"line":119,"column":12},"end":{"line":119,"column":55},"skip":true},"30":{"start":{"line":120,"column":12},"end":{"line":120,"column":48},"skip":true},"31":{"start":{"line":123,"column":8},"end":{"line":136,"column":10},"skip":true},"32":{"start":{"line":130,"column":12},"end":{"line":130,"column":76},"skip":true},"33":{"start":{"line":131,"column":12},"end":{"line":131,"column":73},"skip":true},"34":{"start":{"line":132,"column":12},"end":{"line":132,"column":74},"skip":true},"35":{"start":{"line":133,"column":12},"end":{"line":133,"column":79},"skip":true},"36":{"start":{"line":134,"column":12},"end":{"line":134,"column":25},"skip":true},"37":{"start":{"line":135,"column":12},"end":{"line":135,"column":45},"skip":true},"38":{"start":{"line":138,"column":8},"end":{"line":145,"column":14},"skip":true},"39":{"start":{"line":143,"column":16},"end":{"line":143,"column":29},"skip":true},"40":{"start":{"line":144,"column":16},"end":{"line":144,"column":55},"skip":true},"41":{"start":{"line":147,"column":8},"end":{"line":156,"column":10},"skip":true},"42":{"start":{"line":154,"column":12},"end":{"line":154,"column":25},"skip":true},"43":{"start":{"line":155,"column":12},"end":{"line":155,"column":45},"skip":true},"44":{"start":{"line":158,"column":8},"end":{"line":167,"column":10},"skip":true},"45":{"start":{"line":165,"column":12},"end":{"line":165,"column":25},"skip":true},"46":{"start":{"line":166,"column":12},"end":{"line":166,"column":48},"skip":true},"47":{"start":{"line":169,"column":8},"end":{"line":178,"column":10},"skip":true},"48":{"start":{"line":176,"column":12},"end":{"line":176,"column":25},"skip":true},"49":{"start":{"line":177,"column":12},"end":{"line":177,"column":46},"skip":true},"50":{"start":{"line":180,"column":8},"end":{"line":189,"column":10},"skip":true},"51":{"start":{"line":187,"column":12},"end":{"line":187,"column":94},"skip":true},"52":{"start":{"line":188,"column":12},"end":{"line":188,"column":48},"skip":true},"53":{"start":{"line":192,"column":8},"end":{"line":192,"column":35},"skip":true},"54":{"start":{"line":193,"column":8},"end":{"line":193,"column":14},"skip":true}},"branchMap":{"1":{"line":25,"type":"binary-expr","locations":[{"start":{"line":25,"column":23},"end":{"line":25,"column":62}},{"start":{"line":26,"column":20},"end":{"line":26,"column":70}},{"start":{"line":27,"column":20},"end":{"line":27,"column":71}},{"start":{"line":28,"column":20},"end":{"line":28,"column":29}}]},"2":{"line":30,"type":"binary-expr","locations":[{"start":{"line":30,"column":23},"end":{"line":30,"column":37}},{"start":{"line":31,"column":20},"end":{"line":31,"column":61}},{"start":{"line":32,"column":20},"end":{"line":32,"column":70}},{"start":{"line":33,"column":20},"end":{"line":33,"column":26}}]},"3":{"line":37,"type":"cond-expr","locations":[{"start":{"line":38,"column":14},"end":{"line":38,"column":20}},{"start":{"line":39,"column":14},"end":{"line":39,"column":20}}]},"4":{"line":40,"type":"switch","locations":[{"start":{"line":42,"column":8},"end":{"line":47,"column":18}},{"start":{"line":49,"column":8},"end":{"line":52,"column":18}}]},"5":{"line":44,"type":"binary-expr","locations":[{"start":{"line":44,"column":16},"end":{"line":44,"column":44}},{"start":{"line":44,"column":48},"end":{"line":44,"column":66}}]},"6":{"line":50,"type":"binary-expr","locations":[{"start":{"line":50,"column":21},"end":{"line":50,"column":49}},{"start":{"line":50,"column":53},"end":{"line":50,"column":72}}]},"7":{"line":64,"type":"switch","locations":[{"start":{"line":69,"column":4},"end":{"line":70,"column":14}},{"start":{"line":75,"column":4},"end":{"line":76,"column":14}}]},"8":{"line":85,"type":"switch","locations":[{"start":{"line":90,"column":4},"end":{"line":105,"column":14}},{"start":{"line":111,"column":4},"end":{"line":193,"column":14},"skip":true}]},"9":{"line":91,"type":"binary-expr","locations":[{"start":{"line":91,"column":42},"end":{"line":91,"column":73}},{"start":{"line":91,"column":77},"end":{"line":99,"column":9}}]},"10":{"line":102,"type":"binary-expr","locations":[{"start":{"line":102,"column":18},"end":{"line":102,"column":32}},{"start":{"line":103,"column":12},"end":{"line":103,"column":53}},{"start":{"line":104,"column":12},"end":{"line":104,"column":61}}]},"11":{"line":112,"type":"binary-expr","locations":[{"start":{"line":112,"column":45},"end":{"line":112,"column":79},"skip":true},{"start":{"line":112,"column":83},"end":{"line":121,"column":9},"skip":true}]},"12":{"line":123,"type":"binary-expr","locations":[{"start":{"line":123,"column":42},"end":{"line":123,"column":73},"skip":true},{"start":{"line":123,"column":77},"end":{"line":136,"column":9},"skip":true}]},"13":{"line":138,"type":"binary-expr","locations":[{"start":{"line":138,"column":48},"end":{"line":138,"column":85},"skip":true},{"start":{"line":139,"column":12},"end":{"line":145,"column":13},"skip":true}]},"14":{"line":147,"type":"binary-expr","locations":[{"start":{"line":147,"column":42},"end":{"line":147,"column":73},"skip":true},{"start":{"line":147,"column":77},"end":{"line":156,"column":9},"skip":true}]},"15":{"line":158,"type":"binary-expr","locations":[{"start":{"line":158,"column":45},"end":{"line":158,"column":79},"skip":true},{"start":{"line":158,"column":83},"end":{"line":167,"column":9},"skip":true}]},"16":{"line":169,"type":"binary-expr","locations":[{"start":{"line":169,"column":43},"end":{"line":169,"column":75},"skip":true},{"start":{"line":169,"column":79},"end":{"line":178,"column":9},"skip":true}]},"17":{"line":180,"type":"binary-expr","locations":[{"start":{"line":180,"column":41},"end":{"line":180,"column":71},"skip":true},{"start":{"line":180,"column":75},"end":{"line":189,"column":9},"skip":true}]}},"code":["/* istanbul instrument in package npmtest_grunt_sftp_deploy */","/*jslint","    bitwise: true,","    browser: true,","    maxerr: 8,","    maxlen: 96,","    node: true,","    nomen: true,","    regexp: true,","    stupid: true","*/","(function () {","    'use strict';","    var local;","","","","    // run shared js-env code - pre-init","    (function () {","        // init local","        local = {};","        // init modeJs","        local.modeJs = (function () {","            try {","                return typeof navigator.userAgent === 'string' &&","                    typeof document.querySelector('body') === 'object' &&","                    typeof XMLHttpRequest.prototype.open === 'function' &&","                    'browser';","            } catch (errorCaughtBrowser) {","                return module.exports &&","                    typeof process.versions.node === 'string' &&","                    typeof require('http').createServer === 'function' &&","                    'node';","            }","        }());","        // init global","        local.global = local.modeJs === 'browser'","            ? window","            : global;","        switch (local.modeJs) {","        // re-init local from window.local","        case 'browser':","            local = local.global.utility2.objectSetDefault(","                local.global.utility2_rollup || local.global.local,","                local.global.utility2","            );","            break;","        // re-init local from example.js","        case 'node':","            local = (local.global.utility2_rollup || require('utility2'))","                .requireReadme();","            break;","        }","        // export local","        local.global.local = local;","    }());","","","","    // run shared js-env code - function","    (function () {","        return;","    }());","    switch (local.modeJs) {","","","","    // run browser js-env code - function","    case 'browser':","        break;","","","","    // run node js-env code - function","    case 'node':","        break;","    }","","","","    // run shared js-env code - post-init","    (function () {","        return;","    }());","    switch (local.modeJs) {","","","","    // run browser js-env code - post-init","    case 'browser':","        local.testCase_browser_nullCase = local.testCase_browser_nullCase || function (","            options,","            onError","        ) {","        /*","         * this function will test browsers's null-case handling-behavior-behavior","         */","            onError(null, options);","        };","","        // run tests","        local.nop(local.modeTest &&","            document.querySelector('#testRunButton1') &&","            document.querySelector('#testRunButton1').click());","        break;","","","","    // run node js-env code - post-init","    /* istanbul ignore next */","    case 'node':","        local.testCase_buildApidoc_default = local.testCase_buildApidoc_default || function (","            options,","            onError","        ) {","        /*","         * this function will test buildApidoc's default handling-behavior-behavior","         */","            options = { modulePathList: module.paths };","            local.buildApidoc(options, onError);","        };","","        local.testCase_buildApp_default = local.testCase_buildApp_default || function (","            options,","            onError","        ) {","        /*","         * this function will test buildApp's default handling-behavior-behavior","         */","            local.testCase_buildReadme_default(options, local.onErrorThrow);","            local.testCase_buildLib_default(options, local.onErrorThrow);","            local.testCase_buildTest_default(options, local.onErrorThrow);","            local.testCase_buildCustomOrg_default(options, local.onErrorThrow);","            options = [];","            local.buildApp(options, onError);","        };","","        local.testCase_buildCustomOrg_default = local.testCase_buildCustomOrg_default ||","            function (options, onError) {","            /*","             * this function will test buildCustomOrg's default handling-behavior","             */","                options = {};","                local.buildCustomOrg(options, onError);","            };","","        local.testCase_buildLib_default = local.testCase_buildLib_default || function (","            options,","            onError","        ) {","        /*","         * this function will test buildLib's default handling-behavior","         */","            options = {};","            local.buildLib(options, onError);","        };","","        local.testCase_buildReadme_default = local.testCase_buildReadme_default || function (","            options,","            onError","        ) {","        /*","         * this function will test buildReadme's default handling-behavior-behavior","         */","            options = {};","            local.buildReadme(options, onError);","        };","","        local.testCase_buildTest_default = local.testCase_buildTest_default || function (","            options,","            onError","        ) {","        /*","         * this function will test buildTest's default handling-behavior","         */","            options = {};","            local.buildTest(options, onError);","        };","","        local.testCase_webpage_default = local.testCase_webpage_default || function (","            options,","            onError","        ) {","        /*","         * this function will test webpage's default handling-behavior","         */","            options = { modeCoverageMerge: true, url: local.serverLocalHost + '?modeTest=1' };","            local.browserTest(options, onError);","        };","","        // run test-server","        local.testRunServer(local);","        break;","    }","}());",""],"l":{"12":2,"14":2,"19":2,"21":2,"23":2,"24":2,"25":2,"30":1,"37":2,"40":2,"43":1,"47":1,"50":1,"52":1,"55":2,"61":2,"62":2,"64":2,"70":1,"76":1,"82":2,"83":2,"85":2,"91":1,"98":1,"102":1,"105":1,"112":1,"119":1,"120":1,"123":1,"130":1,"131":1,"132":1,"133":1,"134":1,"135":1,"138":1,"143":2,"144":2,"147":1,"154":2,"155":2,"158":1,"165":2,"166":2,"169":1,"176":2,"177":2,"180":1,"187":1,"188":1,"192":1,"193":1}},"/home/travis/build/npmtest/node-npmtest-grunt-sftp-deploy/lib.npmtest_grunt_sftp_deploy.js":{"path":"/home/travis/build/npmtest/node-npmtest-grunt-sftp-deploy/lib.npmtest_grunt_sftp_deploy.js","s":{"1":2,"2":2,"3":2,"4":2,"5":2,"6":2,"7":2,"8":1,"9":2,"10":2,"11":2,"12":2,"13":1,"14":1,"15":1,"16":1},"b":{"1":[2,1,1,1],"2":[1,1,1,1],"3":[1,1],"4":[2,2],"5":[1,1]},"f":{"1":2,"2":2,"3":2},"fnMap":{"1":{"name":"(anonymous_1)","line":12,"loc":{"start":{"line":12,"column":1},"end":{"line":12,"column":13}}},"2":{"name":"(anonymous_2)","line":19,"loc":{"start":{"line":19,"column":5},"end":{"line":19,"column":17}}},"3":{"name":"(anonymous_3)","line":23,"loc":{"start":{"line":23,"column":24},"end":{"line":23,"column":36}}}},"statementMap":{"1":{"start":{"line":12,"column":0},"end":{"line":53,"column":5}},"2":{"start":{"line":14,"column":4},"end":{"line":14,"column":14}},"3":{"start":{"line":19,"column":4},"end":{"line":52,"column":9}},"4":{"start":{"line":21,"column":8},"end":{"line":21,"column":19}},"5":{"start":{"line":23,"column":8},"end":{"line":35,"column":13}},"6":{"start":{"line":24,"column":12},"end":{"line":34,"column":13}},"7":{"start":{"line":25,"column":16},"end":{"line":28,"column":30}},"8":{"start":{"line":30,"column":16},"end":{"line":33,"column":27}},"9":{"start":{"line":37,"column":8},"end":{"line":39,"column":21}},"10":{"start":{"line":41,"column":8},"end":{"line":41,"column":54}},"11":{"start":{"line":43,"column":8},"end":{"line":43,"column":62}},"12":{"start":{"line":45,"column":8},"end":{"line":51,"column":9}},"13":{"start":{"line":46,"column":12},"end":{"line":46,"column":68}},"14":{"start":{"line":48,"column":12},"end":{"line":48,"column":35}},"15":{"start":{"line":49,"column":12},"end":{"line":49,"column":49}},"16":{"start":{"line":50,"column":12},"end":{"line":50,"column":43}}},"branchMap":{"1":{"line":25,"type":"binary-expr","locations":[{"start":{"line":25,"column":23},"end":{"line":25,"column":62}},{"start":{"line":26,"column":20},"end":{"line":26,"column":70}},{"start":{"line":27,"column":20},"end":{"line":27,"column":71}},{"start":{"line":28,"column":20},"end":{"line":28,"column":29}}]},"2":{"line":30,"type":"binary-expr","locations":[{"start":{"line":30,"column":23},"end":{"line":30,"column":37}},{"start":{"line":31,"column":20},"end":{"line":31,"column":61}},{"start":{"line":32,"column":20},"end":{"line":32,"column":70}},{"start":{"line":33,"column":20},"end":{"line":33,"column":26}}]},"3":{"line":37,"type":"cond-expr","locations":[{"start":{"line":38,"column":14},"end":{"line":38,"column":20}},{"start":{"line":39,"column":14},"end":{"line":39,"column":20}}]},"4":{"line":41,"type":"binary-expr","locations":[{"start":{"line":41,"column":16},"end":{"line":41,"column":44}},{"start":{"line":41,"column":48},"end":{"line":41,"column":53}}]},"5":{"line":45,"type":"if","locations":[{"start":{"line":45,"column":8},"end":{"line":45,"column":8}},{"start":{"line":45,"column":8},"end":{"line":45,"column":8}}]}},"code":["/* istanbul instrument in package npmtest_grunt_sftp_deploy */","/*jslint","    bitwise: true,","    browser: true,","    maxerr: 8,","    maxlen: 96,","    node: true,","    nomen: true,","    regexp: true,","    stupid: true","*/","(function () {","    'use strict';","    var local;","","","","    // run shared js-env code - pre-init","    (function () {","        // init local","        local = {};","        // init modeJs","        local.modeJs = (function () {","            try {","                return typeof navigator.userAgent === 'string' &&","                    typeof document.querySelector('body') === 'object' &&","                    typeof XMLHttpRequest.prototype.open === 'function' &&","                    'browser';","            } catch (errorCaughtBrowser) {","                return module.exports &&","                    typeof process.versions.node === 'string' &&","                    typeof require('http').createServer === 'function' &&","                    'node';","            }","        }());","        // init global","        local.global = local.modeJs === 'browser'","            ? window","            : global;","        // init utility2_rollup","        local = local.global.utility2_rollup || local;","        // init lib","        local.local = local.npmtest_grunt_sftp_deploy = local;","        // init exports","        if (local.modeJs === 'browser') {","            local.global.utility2_npmtest_grunt_sftp_deploy = local;","        } else {","            module.exports = local;","            module.exports.__dirname = __dirname;","            module.exports.module = module;","        }","    }());","}());",""],"l":{"12":2,"14":2,"19":2,"21":2,"23":2,"24":2,"25":2,"30":1,"37":2,"41":2,"43":2,"45":2,"46":1,"48":1,"49":1,"50":1}},"/home/travis/build/npmtest/node-npmtest-grunt-sftp-deploy/example.js":{"path":"/home/travis/build/npmtest/node-npmtest-grunt-sftp-deploy/example.js","s":{"1":2,"2":2,"3":2,"4":2,"5":2,"6":2,"7":2,"8":1,"9":2,"10":2,"11":2,"12":2,"13":1,"14":2,"15":2,"16":2,"17":2,"18":2,"19":0,"20":2,"21":1,"22":1,"23":1,"24":1,"25":1,"26":0,"27":0,"28":1,"29":1,"30":2,"31":0,"32":0,"33":0,"34":1,"35":2,"36":2,"37":3,"38":3,"39":3,"40":3,"41":0,"42":3,"43":3,"44":3,"45":1,"46":3,"47":1,"48":1,"49":1,"50":1,"51":1,"52":1,"53":1,"54":1,"55":1,"56":1,"57":0,"58":1,"59":6,"60":6,"61":1,"62":2,"63":0,"64":2,"65":1,"66":1,"67":0,"68":0,"69":0,"70":0,"71":0,"72":0,"73":0,"74":0,"75":0,"76":0,"77":0,"78":0,"79":0,"80":0,"81":0,"82":0,"83":0},"b":{"1":[2,1,1,1],"2":[1,1,1,1],"3":[1,1],"4":[2,2],"5":[1,1],"6":[1,1],"7":[2,0],"8":[2,1,1,1,1,1],"9":[0,2,0],"10":[1,1],"11":[2,1,1],"12":[1,0],"13":[0,2],"14":[2,0,0,0,0,0,0],"15":[0,3],"16":[3,0],"17":[1,1],"18":[0,1],"19":[1,2,0,2],"20":[1,0],"21":[1,1],"22":[0,0],"23":[0,0],"24":[0,0],"25":[0,0],"26":[0,0],"27":[0,0],"28":[0,0]},"f":{"1":2,"2":2,"3":2,"4":2,"5":2,"6":2,"7":3,"8":3,"9":3,"10":1,"11":6,"12":0},"fnMap":{"1":{"name":"(anonymous_1)","line":26,"loc":{"start":{"line":26,"column":1},"end":{"line":26,"column":13}}},"2":{"name":"(anonymous_2)","line":33,"loc":{"start":{"line":33,"column":5},"end":{"line":33,"column":17}}},"3":{"name":"(anonymous_3)","line":37,"loc":{"start":{"line":37,"column":24},"end":{"line":37,"column":36}}},"4":{"name":"(anonymous_4)","line":69,"loc":{"start":{"line":69,"column":31},"end":{"line":69,"column":48}},"skip":true},"5":{"name":"(anonymous_5)","line":78,"loc":{"start":{"line":78,"column":26},"end":{"line":78,"column":45}},"skip":true},"6":{"name":"(anonymous_6)","line":123,"loc":{"start":{"line":123,"column":33},"end":{"line":123,"column":48}},"skip":true},"7":{"name":"(anonymous_7)","line":125,"loc":{"start":{"line":125,"column":27},"end":{"line":125,"column":39}},"skip":true},"8":{"name":"(anonymous_8)","line":133,"loc":{"start":{"line":133,"column":59},"end":{"line":133,"column":74}},"skip":true},"9":{"name":"(anonymous_9)","line":143,"loc":{"start":{"line":143,"column":45},"end":{"line":143,"column":62}},"skip":true},"10":{"name":"(anonymous_10)","line":144,"loc":{"start":{"line":144,"column":73},"end":{"line":144,"column":92}},"skip":true},"11":{"name":"(anonymous_11)","line":272,"loc":{"start":{"line":272,"column":51},"end":{"line":272,"column":77}},"skip":true},"12":{"name":"(anonymous_12)","line":315,"loc":{"start":{"line":315,"column":32},"end":{"line":315,"column":61}},"skip":true}},"statementMap":{"1":{"start":{"line":26,"column":0},"end":{"line":326,"column":5}},"2":{"start":{"line":28,"column":4},"end":{"line":28,"column":14}},"3":{"start":{"line":33,"column":4},"end":{"line":60,"column":9}},"4":{"start":{"line":35,"column":8},"end":{"line":35,"column":19}},"5":{"start":{"line":37,"column":8},"end":{"line":49,"column":13}},"6":{"start":{"line":38,"column":12},"end":{"line":48,"column":13}},"7":{"start":{"line":39,"column":16},"end":{"line":42,"column":30}},"8":{"start":{"line":44,"column":16},"end":{"line":47,"column":27}},"9":{"start":{"line":51,"column":8},"end":{"line":53,"column":21}},"10":{"start":{"line":55,"column":8},"end":{"line":57,"column":45}},"11":{"start":{"line":59,"column":8},"end":{"line":59,"column":35}},"12":{"start":{"line":61,"column":4},"end":{"line":325,"column":5}},"13":{"start":{"line":69,"column":8},"end":{"line":121,"column":10},"skip":true},"14":{"start":{"line":70,"column":12},"end":{"line":88,"column":13},"skip":true},"15":{"start":{"line":76,"column":16},"end":{"line":87,"column":19},"skip":true},"16":{"start":{"line":79,"column":20},"end":{"line":86,"column":21},"skip":true},"17":{"start":{"line":82,"column":24},"end":{"line":82,"column":43},"skip":true},"18":{"start":{"line":83,"column":24},"end":{"line":83,"column":30},"skip":true},"19":{"start":{"line":85,"column":24},"end":{"line":85,"column":49},"skip":true},"20":{"start":{"line":89,"column":12},"end":{"line":107,"column":13},"skip":true},"21":{"start":{"line":92,"column":16},"end":{"line":102,"column":17},"skip":true},"22":{"start":{"line":93,"column":20},"end":{"line":93,"column":86},"skip":true},"23":{"start":{"line":94,"column":20},"end":{"line":95,"column":45},"skip":true},"24":{"start":{"line":96,"column":20},"end":{"line":96,"column":42},"skip":true},"25":{"start":{"line":97,"column":20},"end":{"line":97,"column":48},"skip":true},"26":{"start":{"line":100,"column":20},"end":{"line":100,"column":85},"skip":true},"27":{"start":{"line":101,"column":20},"end":{"line":101,"column":96},"skip":true},"28":{"start":{"line":103,"column":16},"end":{"line":103,"column":22},"skip":true},"29":{"start":{"line":106,"column":16},"end":{"line":106,"column":22},"skip":true},"30":{"start":{"line":108,"column":12},"end":{"line":120,"column":13},"skip":true},"31":{"start":{"line":114,"column":16},"end":{"line":119,"column":17},"skip":true},"32":{"start":{"line":116,"column":20},"end":{"line":116,"column":78},"skip":true},"33":{"start":{"line":118,"column":20},"end":{"line":118,"column":47},"skip":true},"34":{"start":{"line":123,"column":8},"end":{"line":141,"column":11},"skip":true},"35":{"start":{"line":124,"column":12},"end":{"line":124,"column":54},"skip":true},"36":{"start":{"line":125,"column":12},"end":{"line":140,"column":14},"skip":true},"37":{"start":{"line":126,"column":16},"end":{"line":126,"column":28},"skip":true},"38":{"start":{"line":127,"column":16},"end":{"line":127,"column":69},"skip":true},"39":{"start":{"line":128,"column":16},"end":{"line":128,"column":75},"skip":true},"40":{"start":{"line":129,"column":16},"end":{"line":131,"column":17},"skip":true},"41":{"start":{"line":130,"column":20},"end":{"line":130,"column":27},"skip":true},"42":{"start":{"line":133,"column":16},"end":{"line":137,"column":36},"skip":true},"43":{"start":{"line":134,"column":20},"end":{"line":136,"column":55},"skip":true},"44":{"start":{"line":139,"column":16},"end":{"line":139,"column":57},"skip":true},"45":{"start":{"line":143,"column":8},"end":{"line":147,"column":11},"skip":true},"46":{"start":{"line":144,"column":12},"end":{"line":146,"column":15},"skip":true},"47":{"start":{"line":145,"column":16},"end":{"line":145,"column":70},"skip":true},"48":{"start":{"line":149,"column":8},"end":{"line":149,"column":31},"skip":true},"49":{"start":{"line":150,"column":8},"end":{"line":150,"column":14},"skip":true},"50":{"start":{"line":158,"column":8},"end":{"line":158,"column":31},"skip":true},"51":{"start":{"line":160,"column":8},"end":{"line":160,"column":33},"skip":true},"52":{"start":{"line":161,"column":8},"end":{"line":161,"column":37},"skip":true},"53":{"start":{"line":162,"column":8},"end":{"line":162,"column":35},"skip":true},"54":{"start":{"line":164,"column":8},"end":{"line":164,"column":50},"skip":true},"55":{"start":{"line":166,"column":8},"end":{"line":256,"column":2},"skip":true},"56":{"start":{"line":258,"column":8},"end":{"line":286,"column":9},"skip":true},"57":{"start":{"line":259,"column":12},"end":{"line":269,"column":14},"skip":true},"58":{"start":{"line":271,"column":12},"end":{"line":285,"column":19},"skip":true},"59":{"start":{"line":274,"column":20},"end":{"line":274,"column":35},"skip":true},"60":{"start":{"line":275,"column":20},"end":{"line":284,"column":21},"skip":true},"61":{"start":{"line":277,"column":24},"end":{"line":277,"column":64},"skip":true},"62":{"start":{"line":279,"column":24},"end":{"line":279,"column":40},"skip":true},"63":{"start":{"line":281,"column":24},"end":{"line":281,"column":40},"skip":true},"64":{"start":{"line":283,"column":24},"end":{"line":283,"column":39},"skip":true},"65":{"start":{"line":288,"column":8},"end":{"line":290,"column":9},"skip":true},"66":{"start":{"line":289,"column":12},"end":{"line":289,"column":18},"skip":true},"67":{"start":{"line":291,"column":8},"end":{"line":293,"column":54},"skip":true},"68":{"start":{"line":296,"column":8},"end":{"line":301,"column":37},"skip":true},"69":{"start":{"line":303,"column":8},"end":{"line":303,"column":82},"skip":true},"70":{"start":{"line":306,"column":8},"end":{"line":308,"column":9},"skip":true},"71":{"start":{"line":307,"column":12},"end":{"line":307,"column":82},"skip":true},"72":{"start":{"line":310,"column":8},"end":{"line":312,"column":9},"skip":true},"73":{"start":{"line":311,"column":12},"end":{"line":311,"column":18},"skip":true},"74":{"start":{"line":313,"column":8},"end":{"line":313,"column":54},"skip":true},"75":{"start":{"line":314,"column":8},"end":{"line":314,"column":69},"skip":true},"76":{"start":{"line":315,"column":8},"end":{"line":323,"column":36},"skip":true},"77":{"start":{"line":316,"column":12},"end":{"line":316,"column":61},"skip":true},"78":{"start":{"line":317,"column":12},"end":{"line":320,"column":13},"skip":true},"79":{"start":{"line":318,"column":16},"end":{"line":318,"column":75},"skip":true},"80":{"start":{"line":319,"column":16},"end":{"line":319,"column":23},"skip":true},"81":{"start":{"line":321,"column":12},"end":{"line":321,"column":38},"skip":true},"82":{"start":{"line":322,"column":12},"end":{"line":322,"column":27},"skip":true},"83":{"start":{"line":324,"column":8},"end":{"line":324,"column":14},"skip":true}},"branchMap":{"1":{"line":39,"type":"binary-expr","locations":[{"start":{"line":39,"column":23},"end":{"line":39,"column":62}},{"start":{"line":40,"column":20},"end":{"line":40,"column":70}},{"start":{"line":41,"column":20},"end":{"line":41,"column":71}},{"start":{"line":42,"column":20},"end":{"line":42,"column":29}}]},"2":{"line":44,"type":"binary-expr","locations":[{"start":{"line":44,"column":23},"end":{"line":44,"column":37}},{"start":{"line":45,"column":20},"end":{"line":45,"column":61}},{"start":{"line":46,"column":20},"end":{"line":46,"column":70}},{"start":{"line":47,"column":20},"end":{"line":47,"column":26}}]},"3":{"line":51,"type":"cond-expr","locations":[{"start":{"line":52,"column":14},"end":{"line":52,"column":20}},{"start":{"line":53,"column":14},"end":{"line":53,"column":20}}]},"4":{"line":55,"type":"binary-expr","locations":[{"start":{"line":55,"column":16},"end":{"line":55,"column":44}},{"start":{"line":55,"column":49},"end":{"line":57,"column":43}}]},"5":{"line":55,"type":"cond-expr","locations":[{"start":{"line":56,"column":14},"end":{"line":56,"column":61}},{"start":{"line":57,"column":14},"end":{"line":57,"column":43}}]},"6":{"line":61,"type":"switch","locations":[{"start":{"line":68,"column":4},"end":{"line":150,"column":14},"skip":true},{"start":{"line":156,"column":4},"end":{"line":324,"column":14},"skip":true}]},"7":{"line":70,"type":"if","locations":[{"start":{"line":70,"column":12},"end":{"line":70,"column":12},"skip":true},{"start":{"line":70,"column":12},"end":{"line":70,"column":12},"skip":true}]},"8":{"line":70,"type":"binary-expr","locations":[{"start":{"line":70,"column":16},"end":{"line":70,"column":22},"skip":true},{"start":{"line":70,"column":27},"end":{"line":70,"column":32},"skip":true},{"start":{"line":71,"column":20},"end":{"line":71,"column":39},"skip":true},{"start":{"line":72,"column":20},"end":{"line":72,"column":49},"skip":true},{"start":{"line":73,"column":20},"end":{"line":73,"column":58},"skip":true},{"start":{"line":74,"column":20},"end":{"line":74,"column":69},"skip":true}]},"9":{"line":79,"type":"switch","locations":[{"start":{"line":80,"column":20},"end":{"line":80,"column":33},"skip":true},{"start":{"line":81,"column":20},"end":{"line":83,"column":30},"skip":true},{"start":{"line":84,"column":20},"end":{"line":85,"column":49},"skip":true}]},"10":{"line":89,"type":"switch","locations":[{"start":{"line":90,"column":12},"end":{"line":103,"column":22},"skip":true},{"start":{"line":105,"column":12},"end":{"line":106,"column":22},"skip":true}]},"11":{"line":89,"type":"binary-expr","locations":[{"start":{"line":89,"column":20},"end":{"line":89,"column":25},"skip":true},{"start":{"line":89,"column":29},"end":{"line":89,"column":48},"skip":true},{"start":{"line":89,"column":52},"end":{"line":89,"column":74},"skip":true}]},"12":{"line":92,"type":"if","locations":[{"start":{"line":92,"column":16},"end":{"line":92,"column":16},"skip":true},{"start":{"line":92,"column":16},"end":{"line":92,"column":16},"skip":true}]},"13":{"line":108,"type":"if","locations":[{"start":{"line":108,"column":12},"end":{"line":108,"column":12},"skip":true},{"start":{"line":108,"column":12},"end":{"line":108,"column":12},"skip":true}]},"14":{"line":108,"type":"binary-expr","locations":[{"start":{"line":108,"column":16},"end":{"line":108,"column":61},"skip":true},{"start":{"line":108,"column":66},"end":{"line":108,"column":72},"skip":true},{"start":{"line":108,"column":77},"end":{"line":108,"column":82},"skip":true},{"start":{"line":109,"column":20},"end":{"line":109,"column":39},"skip":true},{"start":{"line":110,"column":20},"end":{"line":110,"column":49},"skip":true},{"start":{"line":111,"column":20},"end":{"line":111,"column":58},"skip":true},{"start":{"line":112,"column":20},"end":{"line":112,"column":68},"skip":true}]},"15":{"line":129,"type":"if","locations":[{"start":{"line":129,"column":16},"end":{"line":129,"column":16},"skip":true},{"start":{"line":129,"column":16},"end":{"line":129,"column":16},"skip":true}]},"16":{"line":134,"type":"cond-expr","locations":[{"start":{"line":135,"column":26},"end":{"line":135,"column":29},"skip":true},{"start":{"line":136,"column":26},"end":{"line":136,"column":54},"skip":true}]},"17":{"line":164,"type":"binary-expr","locations":[{"start":{"line":164,"column":27},"end":{"line":164,"column":43},"skip":true},{"start":{"line":164,"column":47},"end":{"line":164,"column":49},"skip":true}]},"18":{"line":258,"type":"if","locations":[{"start":{"line":258,"column":8},"end":{"line":258,"column":8},"skip":true},{"start":{"line":258,"column":8},"end":{"line":258,"column":8},"skip":true}]},"19":{"line":275,"type":"switch","locations":[{"start":{"line":276,"column":20},"end":{"line":277,"column":64},"skip":true},{"start":{"line":278,"column":20},"end":{"line":279,"column":40},"skip":true},{"start":{"line":280,"column":20},"end":{"line":281,"column":40},"skip":true},{"start":{"line":282,"column":20},"end":{"line":283,"column":39},"skip":true}]},"20":{"line":288,"type":"if","locations":[{"start":{"line":288,"column":8},"end":{"line":288,"column":8},"skip":true},{"start":{"line":288,"column":8},"end":{"line":288,"column":8},"skip":true}]},"21":{"line":288,"type":"binary-expr","locations":[{"start":{"line":288,"column":12},"end":{"line":288,"column":40},"skip":true},{"start":{"line":288,"column":44},"end":{"line":288,"column":67},"skip":true}]},"22":{"line":292,"type":"binary-expr","locations":[{"start":{"line":292,"column":12},"end":{"line":292,"column":50},"skip":true},{"start":{"line":293,"column":12},"end":{"line":293,"column":53},"skip":true}]},"23":{"line":297,"type":"binary-expr","locations":[{"start":{"line":297,"column":12},"end":{"line":297,"column":75},"skip":true},{"start":{"line":298,"column":12},"end":{"line":301,"column":36},"skip":true}]},"24":{"line":303,"type":"binary-expr","locations":[{"start":{"line":303,"column":43},"end":{"line":303,"column":75},"skip":true},{"start":{"line":303,"column":79},"end":{"line":303,"column":81},"skip":true}]},"25":{"line":306,"type":"if","locations":[{"start":{"line":306,"column":8},"end":{"line":306,"column":8},"skip":true},{"start":{"line":306,"column":8},"end":{"line":306,"column":8},"skip":true}]},"26":{"line":310,"type":"if","locations":[{"start":{"line":310,"column":8},"end":{"line":310,"column":8},"skip":true},{"start":{"line":310,"column":8},"end":{"line":310,"column":8},"skip":true}]},"27":{"line":313,"type":"binary-expr","locations":[{"start":{"line":313,"column":27},"end":{"line":313,"column":43},"skip":true},{"start":{"line":313,"column":47},"end":{"line":313,"column":53},"skip":true}]},"28":{"line":317,"type":"if","locations":[{"start":{"line":317,"column":12},"end":{"line":317,"column":12},"skip":true},{"start":{"line":317,"column":12},"end":{"line":317,"column":12},"skip":true}]}},"code":["/*","example.js","","quickstart example","","instruction","    1. save this script as example.js","    2. run the shell command:","        $ npm install npmtest-grunt-sftp-deploy && PORT=8081 node example.js","    3. play with the browser-demo on http://127.0.0.1:8081","*/","","","","/* istanbul instrument in package npmtest_grunt_sftp_deploy */","/*jslint","    bitwise: true,","    browser: true,","    maxerr: 8,","    maxlen: 96,","    node: true,","    nomen: true,","    regexp: true,","    stupid: true","*/","(function () {","    'use strict';","    var local;","","","","    // run shared js-env code - pre-init","    (function () {","        // init local","        local = {};","        // init modeJs","        local.modeJs = (function () {","            try {","                return typeof navigator.userAgent === 'string' &&","                    typeof document.querySelector('body') === 'object' &&","                    typeof XMLHttpRequest.prototype.open === 'function' &&","                    'browser';","            } catch (errorCaughtBrowser) {","                return module.exports &&","                    typeof process.versions.node === 'string' &&","                    typeof require('http').createServer === 'function' &&","                    'node';","            }","        }());","        // init global","        local.global = local.modeJs === 'browser'","            ? window","            : global;","        // init utility2_rollup","        local = local.global.utility2_rollup || (local.modeJs === 'browser'","            ? local.global.utility2_npmtest_grunt_sftp_deploy","            : global.utility2_moduleExports);","        // export local","        local.global.local = local;","    }());","    switch (local.modeJs) {","","","","    // post-init","    // run browser js-env code - post-init","    /* istanbul ignore next */","    case 'browser':","        local.testRunBrowser = function (event) {","            if (!event || (event &&","                    event.currentTarget &&","                    event.currentTarget.className &&","                    event.currentTarget.className.includes &&","                    event.currentTarget.className.includes('onreset'))) {","                // reset output","                Array.from(","                    document.querySelectorAll('body > .resettable')","                ).forEach(function (element) {","                    switch (element.tagName) {","                    case 'INPUT':","                    case 'TEXTAREA':","                        element.value = '';","                        break;","                    default:","                        element.textContent = '';","                    }","                });","            }","            switch (event && event.currentTarget && event.currentTarget.id) {","            case 'testRunButton1':","                // show tests","                if (document.querySelector('#testReportDiv1').style.display === 'none') {","                    document.querySelector('#testReportDiv1').style.display = 'block';","                    document.querySelector('#testRunButton1').textContent =","                        'hide internal test';","                    local.modeTest = true;","                    local.testRunDefault(local);","                // hide tests","                } else {","                    document.querySelector('#testReportDiv1').style.display = 'none';","                    document.querySelector('#testRunButton1').textContent = 'run internal test';","                }","                break;","            // custom-case","            default:","                break;","            }","            if (document.querySelector('#inputTextareaEval1') && (!event || (event &&","                    event.currentTarget &&","                    event.currentTarget.className &&","                    event.currentTarget.className.includes &&","                    event.currentTarget.className.includes('oneval')))) {","                // try to eval input-code","                try {","                    /*jslint evil: true*/","                    eval(document.querySelector('#inputTextareaEval1').value);","                } catch (errorCaught) {","                    console.error(errorCaught);","                }","            }","        };","        // log stderr and stdout to #outputTextareaStdout1","        ['error', 'log'].forEach(function (key) {","            console[key + '_original'] = console[key];","            console[key] = function () {","                var element;","                console[key + '_original'].apply(console, arguments);","                element = document.querySelector('#outputTextareaStdout1');","                if (!element) {","                    return;","                }","                // append text to #outputTextareaStdout1","                element.value += Array.from(arguments).map(function (arg) {","                    return typeof arg === 'string'","                        ? arg","                        : JSON.stringify(arg, null, 4);","                }).join(' ') + '\\n';","                // scroll textarea to bottom","                element.scrollTop = element.scrollHeight;","            };","        });","        // init event-handling","        ['change', 'click', 'keyup'].forEach(function (event) {","            Array.from(document.querySelectorAll('.on' + event)).forEach(function (element) {","                element.addEventListener(event, local.testRunBrowser);","            });","        });","        // run tests","        local.testRunBrowser();","        break;","","","","    // run node js-env code - post-init","    /* istanbul ignore next */","    case 'node':","        // export local","        module.exports = local;","        // require modules","        local.fs = require('fs');","        local.http = require('http');","        local.url = require('url');","        // init assets","        local.assetsDict = local.assetsDict || {};","        /* jslint-ignore-begin */","        local.assetsDict['/assets.index.template.html'] = '\\","<!doctype html>\\n\\","<html lang=\"en\">\\n\\","<head>\\n\\","<meta charset=\"UTF-8\">\\n\\","<meta name=\"viewport\" content=\"width=device-width, initial-scale=1\">\\n\\","<title>{{env.npm_package_name}} (v{{env.npm_package_version}})</title>\\n\\","<style>\\n\\","/*csslint\\n\\","    box-sizing: false,\\n\\","    universal-selector: false\\n\\","*/\\n\\","* {\\n\\","    box-sizing: border-box;\\n\\","}\\n\\","body {\\n\\","    background: #dde;\\n\\","    font-family: Arial, Helvetica, sans-serif;\\n\\","    margin: 2rem;\\n\\","}\\n\\","body > * {\\n\\","    margin-bottom: 1rem;\\n\\","}\\n\\",".utility2FooterDiv {\\n\\","    margin-top: 20px;\\n\\","    text-align: center;\\n\\","}\\n\\","</style>\\n\\","<style>\\n\\","/*csslint\\n\\","*/\\n\\","textarea {\\n\\","    font-family: monospace;\\n\\","    height: 10rem;\\n\\","    width: 100%;\\n\\","}\\n\\","textarea[readonly] {\\n\\","    background: #ddd;\\n\\","}\\n\\","</style>\\n\\","</head>\\n\\","<body>\\n\\","<!-- utility2-comment\\n\\","<div id=\"ajaxProgressDiv1\" style=\"background: #d00; height: 2px; left: 0; margin: 0; padding: 0; position: fixed; top: 0; transition: background 0.5s, width 1.5s; width: 25%;\"></div>\\n\\","utility2-comment -->\\n\\","<h1>\\n\\","<!-- utility2-comment\\n\\","    <a\\n\\","        {{#if env.npm_package_homepage}}\\n\\","        href=\"{{env.npm_package_homepage}}\"\\n\\","        {{/if env.npm_package_homepage}}\\n\\","        target=\"_blank\"\\n\\","    >\\n\\","utility2-comment -->\\n\\","        {{env.npm_package_name}} (v{{env.npm_package_version}})\\n\\","<!-- utility2-comment\\n\\","    </a>\\n\\","utility2-comment -->\\n\\","</h1>\\n\\","<h3>{{env.npm_package_description}}</h3>\\n\\","<!-- utility2-comment\\n\\","<h4><a download href=\"assets.app.js\">download standalone app</a></h4>\\n\\","<button class=\"onclick onreset\" id=\"testRunButton1\">run internal test</button><br>\\n\\","<div id=\"testReportDiv1\" style=\"display: none;\"></div>\\n\\","utility2-comment -->\\n\\","\\n\\","\\n\\","\\n\\","<label>stderr and stdout</label>\\n\\","<textarea class=\"resettable\" id=\"outputTextareaStdout1\" readonly></textarea>\\n\\","<!-- utility2-comment\\n\\","{{#if isRollup}}\\n\\","<script src=\"assets.app.js\"></script>\\n\\","{{#unless isRollup}}\\n\\","utility2-comment -->\\n\\","<script src=\"assets.utility2.rollup.js\"></script>\\n\\","<script src=\"jsonp.utility2._stateInit?callback=window.utility2._stateInit\"></script>\\n\\","<script src=\"assets.npmtest_grunt_sftp_deploy.rollup.js\"></script>\\n\\","<script src=\"assets.example.js\"></script>\\n\\","<script src=\"assets.test.js\"></script>\\n\\","<!-- utility2-comment\\n\\","{{/if isRollup}}\\n\\","utility2-comment -->\\n\\","<div class=\"utility2FooterDiv\">\\n\\","    [ this app was created with\\n\\","    <a href=\"https://github.com/kaizhu256/node-utility2\" target=\"_blank\">utility2</a>\\n\\","    ]\\n\\","</div>\\n\\","</body>\\n\\","</html>\\n\\","';","        /* jslint-ignore-end */","        if (local.templateRender) {","            local.assetsDict['/'] = local.templateRender(","                local.assetsDict['/assets.index.template.html'],","                {","                    env: local.objectSetDefault(local.env, {","                        npm_package_description: 'the greatest app in the world!',","                        npm_package_name: 'my-app',","                        npm_package_nameAlias: 'my_app',","                        npm_package_version: '0.0.1'","                    })","                }","            );","        } else {","            local.assetsDict['/'] = local.assetsDict['/assets.index.template.html']","                .replace((/\\{\\{env\\.(\\w+?)\\}\\}/g), function (match0, match1) {","                    // jslint-hack","                    String(match0);","                    switch (match1) {","                    case 'npm_package_description':","                        return 'the greatest app in the world!';","                    case 'npm_package_name':","                        return 'my-app';","                    case 'npm_package_nameAlias':","                        return 'my_app';","                    case 'npm_package_version':","                        return '0.0.1';","                    }","                });","        }","        // run the cli","        if (local.global.utility2_rollup || module !== require.main) {","            break;","        }","        local.assetsDict['/assets.example.js'] =","            local.assetsDict['/assets.example.js'] ||","            local.fs.readFileSync(__filename, 'utf8');","        // bug-workaround - long $npm_package_buildCustomOrg","        /* jslint-ignore-begin */","        local.assetsDict['/assets.npmtest_grunt_sftp_deploy.rollup.js'] =","            local.assetsDict['/assets.npmtest_grunt_sftp_deploy.rollup.js'] ||","            local.fs.readFileSync(","                local.npmtest_grunt_sftp_deploy.__dirname + '/lib.npmtest_grunt_sftp_deploy.js',","                'utf8'","            ).replace((/^#!/), '//');","        /* jslint-ignore-end */","        local.assetsDict['/favicon.ico'] = local.assetsDict['/favicon.ico'] || '';","        // if $npm_config_timeout_exit exists,","        // then exit this process after $npm_config_timeout_exit ms","        if (Number(process.env.npm_config_timeout_exit)) {","            setTimeout(process.exit, Number(process.env.npm_config_timeout_exit));","        }","        // start server","        if (local.global.utility2_serverHttp1) {","            break;","        }","        process.env.PORT = process.env.PORT || '8081';","        console.error('server starting on port ' + process.env.PORT);","        local.http.createServer(function (request, response) {","            request.urlParsed = local.url.parse(request.url);","            if (local.assetsDict[request.urlParsed.pathname] !== undefined) {","                response.end(local.assetsDict[request.urlParsed.pathname]);","                return;","            }","            response.statusCode = 404;","            response.end();","        }).listen(process.env.PORT);","        break;","    }","}());",""],"l":{"26":2,"28":2,"33":2,"35":2,"37":2,"38":2,"39":2,"44":1,"51":2,"55":2,"59":2,"61":2,"69":1,"70":2,"76":2,"79":2,"82":2,"83":2,"85":1,"89":2,"92":1,"93":1,"94":1,"96":1,"97":1,"100":1,"101":1,"103":1,"106":1,"108":2,"114":1,"116":1,"118":1,"123":1,"124":2,"125":2,"126":3,"127":3,"128":3,"129":3,"130":1,"133":3,"134":3,"139":3,"143":1,"144":3,"145":1,"149":1,"150":1,"158":1,"160":1,"161":1,"162":1,"164":1,"166":1,"258":1,"259":1,"271":1,"274":6,"275":6,"277":1,"279":2,"281":1,"283":2,"288":1,"289":1,"291":1,"296":1,"303":1,"306":1,"307":1,"310":1,"311":1,"313":1,"314":1,"315":1,"316":1,"317":1,"318":1,"319":1,"321":1,"322":1,"324":1}},"/home/travis/build/npmtest/node-npmtest-grunt-sftp-deploy/node_modules/grunt-sftp-deploy/tasks/sftp-deploy.js":{"path":"/home/travis/build/npmtest/node-npmtest-grunt-sftp-deploy/node_modules/grunt-sftp-deploy/tasks/sftp-deploy.js","s":{"1":1,"2":0,"3":0,"4":0,"5":0,"6":0,"7":0,"8":0,"9":0,"10":0,"11":0,"12":0,"13":0,"14":0,"15":0,"16":0,"17":0,"18":0,"19":0,"20":0,"21":0,"22":0,"23":0,"24":0,"25":0,"26":0,"27":1,"28":0,"29":0,"30":0,"31":0,"32":0,"33":0,"34":0,"35":0,"36":0,"37":0,"38":0,"39":0,"40":0,"41":0,"42":0,"43":0,"44":0,"45":0,"46":0,"47":0,"48":0,"49":0,"50":0,"51":1,"52":0,"53":0,"54":0,"55":0,"56":0,"57":0,"58":0,"59":0,"60":0,"61":0,"62":0,"63":0,"64":0,"65":0,"66":0,"67":0,"68":0,"69":0,"70":0,"71":0,"72":0,"73":0,"74":0,"75":0,"76":1,"77":0,"78":0,"79":0,"80":0,"81":0,"82":0,"83":0,"84":0,"85":0,"86":0,"87":0,"88":0,"89":1,"90":0,"91":0,"92":0,"93":0,"94":0,"95":0,"96":0,"97":0,"98":0,"99":0,"100":1,"101":0,"102":0,"103":0,"104":0,"105":0,"106":0,"107":0,"108":0,"109":0,"110":0,"111":0,"112":0,"113":0,"114":1,"115":0,"116":0,"117":0,"118":0,"119":0,"120":0,"121":1,"122":0,"123":0,"124":0,"125":0,"126":0,"127":0,"128":0,"129":0,"130":0,"131":0,"132":0,"133":0,"134":0,"135":0,"136":0,"137":0,"138":0,"139":0,"140":0,"141":0,"142":0,"143":0,"144":0,"145":0,"146":0,"147":0,"148":0,"149":0,"150":0,"151":0,"152":0,"153":0,"154":0,"155":0,"156":0,"157":0,"158":0,"159":0,"160":0,"161":0,"162":0,"163":0,"164":0,"165":0,"166":0,"167":0,"168":0,"169":0,"170":0,"171":0,"172":0,"173":0,"174":0,"175":0,"176":0,"177":0,"178":0,"179":0,"180":0,"181":0,"182":0,"183":0,"184":0,"185":0,"186":0,"187":0,"188":0,"189":0,"190":0,"191":0,"192":0,"193":0,"194":0,"195":0,"196":0,"197":0,"198":0,"199":0,"200":0,"201":0,"202":0,"203":0,"204":0,"205":0,"206":0,"207":0,"208":0,"209":0,"210":0,"211":0,"212":0,"213":0,"214":0,"215":0,"216":0,"217":0,"218":0,"219":0,"220":0,"221":0,"222":0,"223":0,"224":0,"225":0,"226":0,"227":0,"228":0},"b":{"1":[0,0],"2":[0,0],"3":[0,0],"4":[0,0],"5":[0,0],"6":[0,0],"7":[0,0],"8":[0,0],"9":[0,0],"10":[0,0],"11":[0,0],"12":[0,0],"13":[0,0],"14":[0,0],"15":[0,0],"16":[0,0],"17":[0,0],"18":[0,0],"19":[0,0],"20":[0,0],"21":[0,0],"22":[0,0],"23":[0,0],"24":[0,0],"25":[0,0],"26":[0,0],"27":[0,0],"28":[0,0],"29":[0,0],"30":[0,0],"31":[0,0],"32":[0,0],"33":[0,0],"34":[0,0],"35":[0,0],"36":[0,0],"37":[0,0],"38":[0,0],"39":[0,0],"40":[0,0],"41":[0,0],"42":[0,0],"43":[0,0],"44":[0,0],"45":[0,0],"46":[0,0],"47":[0,0],"48":[0,0],"49":[0,0],"50":[0,0],"51":[0,0],"52":[0,0],"53":[0,0],"54":[0,0],"55":[0,0],"56":[0,0],"57":[0,0],"58":[0,0]},"f":{"1":0,"2":0,"3":0,"4":0,"5":0,"6":0,"7":0,"8":0,"9":0,"10":0,"11":0,"12":0,"13":0,"14":0,"15":0,"16":0,"17":0,"18":0,"19":0,"20":0,"21":0,"22":0,"23":0,"24":0,"25":0,"26":0,"27":0},"fnMap":{"1":{"name":"(anonymous_1)","line":10,"loc":{"start":{"line":10,"column":17},"end":{"line":10,"column":33}}},"2":{"name":"dirParseSync","line":42,"loc":{"start":{"line":42,"column":2},"end":{"line":42,"column":42}}},"3":{"name":"sftpPut","line":84,"loc":{"start":{"line":84,"column":2},"end":{"line":84,"column":35}}},"4":{"name":"(anonymous_4)","line":98,"loc":{"start":{"line":98,"column":17},"end":{"line":98,"column":48}}},"5":{"name":"(anonymous_5)","line":99,"loc":{"start":{"line":99,"column":42},"end":{"line":99,"column":55}}},"6":{"name":"(anonymous_6)","line":113,"loc":{"start":{"line":113,"column":24},"end":{"line":113,"column":51}}},"7":{"name":"sftpProcessDirectories","line":128,"loc":{"start":{"line":128,"column":2},"end":{"line":128,"column":47}}},"8":{"name":"(anonymous_8)","line":144,"loc":{"start":{"line":144,"column":45},"end":{"line":144,"column":59}}},"9":{"name":"getAuthByKey","line":151,"loc":{"start":{"line":151,"column":2},"end":{"line":151,"column":31}}},"10":{"name":"getKeyLocation","line":170,"loc":{"start":{"line":170,"column":2},"end":{"line":170,"column":37}}},"11":{"name":"getLength","line":193,"loc":{"start":{"line":193,"column":2},"end":{"line":193,"column":32}}},"12":{"name":"getFiles","line":203,"loc":{"start":{"line":203,"column":2},"end":{"line":203,"column":31}}},"13":{"name":"(anonymous_13)","line":215,"loc":{"start":{"line":215,"column":66},"end":{"line":215,"column":77}}},"14":{"name":"(anonymous_14)","line":291,"loc":{"start":{"line":291,"column":23},"end":{"line":291,"column":36}}},"15":{"name":"(anonymous_15)","line":309,"loc":{"start":{"line":309,"column":26},"end":{"line":309,"column":38}}},"16":{"name":"(anonymous_16)","line":312,"loc":{"start":{"line":312,"column":24},"end":{"line":312,"column":37}}},"17":{"name":"(anonymous_17)","line":317,"loc":{"start":{"line":317,"column":22},"end":{"line":317,"column":35}}},"18":{"name":"(anonymous_18)","line":321,"loc":{"start":{"line":321,"column":24},"end":{"line":321,"column":37}}},"19":{"name":"(anonymous_19)","line":326,"loc":{"start":{"line":326,"column":24},"end":{"line":326,"column":36}}},"20":{"name":"(anonymous_20)","line":329,"loc":{"start":{"line":329,"column":19},"end":{"line":329,"column":40}}},"21":{"name":"(anonymous_21)","line":334,"loc":{"start":{"line":334,"column":23},"end":{"line":334,"column":36}}},"22":{"name":"(anonymous_22)","line":338,"loc":{"start":{"line":338,"column":25},"end":{"line":338,"column":38}}},"23":{"name":"(anonymous_23)","line":341,"loc":{"start":{"line":341,"column":25},"end":{"line":341,"column":38}}},"24":{"name":"(anonymous_24)","line":346,"loc":{"start":{"line":346,"column":24},"end":{"line":346,"column":36}}},"25":{"name":"(anonymous_25)","line":353,"loc":{"start":{"line":353,"column":45},"end":{"line":353,"column":59}}},"26":{"name":"(anonymous_26)","line":358,"loc":{"start":{"line":358,"column":65},"end":{"line":358,"column":79}}},"27":{"name":"(anonymous_27)","line":366,"loc":{"start":{"line":366,"column":75},"end":{"line":366,"column":90}}}},"statementMap":{"1":{"start":{"line":10,"column":0},"end":{"line":382,"column":2}},"2":{"start":{"line":12,"column":2},"end":{"line":12,"column":41}},"3":{"start":{"line":14,"column":2},"end":{"line":14,"column":31}},"4":{"start":{"line":15,"column":2},"end":{"line":15,"column":22}},"5":{"start":{"line":16,"column":2},"end":{"line":16,"column":23}},"6":{"start":{"line":17,"column":2},"end":{"line":17,"column":24}},"7":{"start":{"line":18,"column":2},"end":{"line":18,"column":25}},"8":{"start":{"line":19,"column":2},"end":{"line":19,"column":29}},"9":{"start":{"line":20,"column":2},"end":{"line":20,"column":29}},"10":{"start":{"line":21,"column":2},"end":{"line":21,"column":38}},"11":{"start":{"line":22,"column":2},"end":{"line":22,"column":37}},"12":{"start":{"line":24,"column":2},"end":{"line":24,"column":17}},"13":{"start":{"line":25,"column":2},"end":{"line":25,"column":15}},"14":{"start":{"line":26,"column":2},"end":{"line":26,"column":14}},"15":{"start":{"line":27,"column":2},"end":{"line":27,"column":16}},"16":{"start":{"line":28,"column":2},"end":{"line":28,"column":17}},"17":{"start":{"line":29,"column":2},"end":{"line":29,"column":16}},"18":{"start":{"line":30,"column":2},"end":{"line":30,"column":21}},"19":{"start":{"line":31,"column":2},"end":{"line":31,"column":15}},"20":{"start":{"line":32,"column":2},"end":{"line":32,"column":17}},"21":{"start":{"line":33,"column":2},"end":{"line":33,"column":21}},"22":{"start":{"line":34,"column":2},"end":{"line":34,"column":22}},"23":{"start":{"line":35,"column":2},"end":{"line":35,"column":27}},"24":{"start":{"line":37,"column":2},"end":{"line":37,"column":12}},"25":{"start":{"line":38,"column":2},"end":{"line":38,"column":19}},"26":{"start":{"line":39,"column":2},"end":{"line":39,"column":20}},"27":{"start":{"line":42,"column":2},"end":{"line":81,"column":3}},"28":{"start":{"line":43,"column":4},"end":{"line":43,"column":14}},"29":{"start":{"line":44,"column":4},"end":{"line":44,"column":10}},"30":{"start":{"line":45,"column":4},"end":{"line":45,"column":16}},"31":{"start":{"line":46,"column":4},"end":{"line":46,"column":17}},"32":{"start":{"line":49,"column":4},"end":{"line":52,"column":5}},"33":{"start":{"line":50,"column":6},"end":{"line":50,"column":18}},"34":{"start":{"line":51,"column":6},"end":{"line":51,"column":28}},"35":{"start":{"line":55,"column":4},"end":{"line":57,"column":5}},"36":{"start":{"line":56,"column":6},"end":{"line":56,"column":60}},"37":{"start":{"line":60,"column":4},"end":{"line":60,"column":37}},"38":{"start":{"line":61,"column":4},"end":{"line":78,"column":5}},"39":{"start":{"line":62,"column":6},"end":{"line":62,"column":48}},"40":{"start":{"line":63,"column":6},"end":{"line":77,"column":7}},"41":{"start":{"line":64,"column":8},"end":{"line":76,"column":9}},"42":{"start":{"line":65,"column":10},"end":{"line":65,"column":77}},"43":{"start":{"line":66,"column":10},"end":{"line":68,"column":11}},"44":{"start":{"line":67,"column":12},"end":{"line":67,"column":33}},"45":{"start":{"line":69,"column":10},"end":{"line":69,"column":41}},"46":{"start":{"line":71,"column":10},"end":{"line":71,"column":55}},"47":{"start":{"line":72,"column":10},"end":{"line":74,"column":11}},"48":{"start":{"line":73,"column":12},"end":{"line":73,"column":31}},"49":{"start":{"line":75,"column":10},"end":{"line":75,"column":41}},"50":{"start":{"line":80,"column":4},"end":{"line":80,"column":18}},"51":{"start":{"line":84,"column":2},"end":{"line":125,"column":3}},"52":{"start":{"line":85,"column":4},"end":{"line":85,"column":35}},"53":{"start":{"line":87,"column":4},"end":{"line":87,"column":49}},"54":{"start":{"line":88,"column":4},"end":{"line":88,"column":81}},"55":{"start":{"line":90,"column":4},"end":{"line":92,"column":5}},"56":{"start":{"line":91,"column":6},"end":{"line":91,"column":93}},"57":{"start":{"line":94,"column":4},"end":{"line":94,"column":52}},"58":{"start":{"line":96,"column":4},"end":{"line":96,"column":44}},"59":{"start":{"line":98,"column":4},"end":{"line":110,"column":6}},"60":{"start":{"line":99,"column":6},"end":{"line":109,"column":9}},"61":{"start":{"line":100,"column":8},"end":{"line":108,"column":9}},"62":{"start":{"line":101,"column":10},"end":{"line":101,"column":74}},"63":{"start":{"line":102,"column":10},"end":{"line":102,"column":18}},"64":{"start":{"line":104,"column":10},"end":{"line":104,"column":53}},"65":{"start":{"line":105,"column":10},"end":{"line":105,"column":52}},"66":{"start":{"line":105,"column":30},"end":{"line":105,"column":52}},"67":{"start":{"line":106,"column":10},"end":{"line":106,"column":47}},"68":{"start":{"line":107,"column":10},"end":{"line":107,"column":19}},"69":{"start":{"line":112,"column":4},"end":{"line":123,"column":5}},"70":{"start":{"line":113,"column":6},"end":{"line":120,"column":10}},"71":{"start":{"line":114,"column":8},"end":{"line":119,"column":9}},"72":{"start":{"line":115,"column":10},"end":{"line":115,"column":19}},"73":{"start":{"line":117,"column":10},"end":{"line":117,"column":47}},"74":{"start":{"line":118,"column":10},"end":{"line":118,"column":39}},"75":{"start":{"line":122,"column":6},"end":{"line":122,"column":35}},"76":{"start":{"line":128,"column":2},"end":{"line":149,"column":3}},"77":{"start":{"line":129,"column":4},"end":{"line":131,"column":5}},"78":{"start":{"line":130,"column":6},"end":{"line":130,"column":57}},"79":{"start":{"line":132,"column":4},"end":{"line":132,"column":21}},"80":{"start":{"line":134,"column":4},"end":{"line":138,"column":5}},"81":{"start":{"line":135,"column":6},"end":{"line":135,"column":60}},"82":{"start":{"line":137,"column":6},"end":{"line":137,"column":28}},"83":{"start":{"line":140,"column":4},"end":{"line":142,"column":32}},"84":{"start":{"line":144,"column":4},"end":{"line":148,"column":7}},"85":{"start":{"line":145,"column":6},"end":{"line":145,"column":87}},"86":{"start":{"line":146,"column":6},"end":{"line":146,"column":48}},"87":{"start":{"line":146,"column":26},"end":{"line":146,"column":48}},"88":{"start":{"line":147,"column":6},"end":{"line":147,"column":15}},"89":{"start":{"line":151,"column":2},"end":{"line":168,"column":3}},"90":{"start":{"line":152,"column":4},"end":{"line":167,"column":23}},"91":{"start":{"line":154,"column":6},"end":{"line":165,"column":7}},"92":{"start":{"line":155,"column":8},"end":{"line":155,"column":21}},"93":{"start":{"line":157,"column":13},"end":{"line":165,"column":7}},"94":{"start":{"line":158,"column":8},"end":{"line":158,"column":46}},"95":{"start":{"line":160,"column":13},"end":{"line":165,"column":7}},"96":{"start":{"line":161,"column":8},"end":{"line":161,"column":58}},"97":{"start":{"line":163,"column":13},"end":{"line":165,"column":7}},"98":{"start":{"line":164,"column":8},"end":{"line":164,"column":70}},"99":{"start":{"line":167,"column":11},"end":{"line":167,"column":23}},"100":{"start":{"line":170,"column":2},"end":{"line":191,"column":3}},"101":{"start":{"line":171,"column":4},"end":{"line":171,"column":27}},"102":{"start":{"line":172,"column":4},"end":{"line":175,"column":6}},"103":{"start":{"line":177,"column":4},"end":{"line":187,"column":5}},"104":{"start":{"line":178,"column":6},"end":{"line":182,"column":7}},"105":{"start":{"line":179,"column":8},"end":{"line":179,"column":32}},"106":{"start":{"line":180,"column":13},"end":{"line":182,"column":7}},"107":{"start":{"line":181,"column":8},"end":{"line":181,"column":69}},"108":{"start":{"line":184,"column":6},"end":{"line":186,"column":7}},"109":{"start":{"line":185,"column":8},"end":{"line":185,"column":72}},"110":{"start":{"line":185,"column":43},"end":{"line":185,"column":72}},"111":{"start":{"line":189,"column":4},"end":{"line":189,"column":72}},"112":{"start":{"line":189,"column":30},"end":{"line":189,"column":72}},"113":{"start":{"line":190,"column":4},"end":{"line":190,"column":23}},"114":{"start":{"line":193,"column":2},"end":{"line":202,"column":3}},"115":{"start":{"line":194,"column":4},"end":{"line":194,"column":14}},"116":{"start":{"line":195,"column":4},"end":{"line":200,"column":5}},"117":{"start":{"line":196,"column":6},"end":{"line":198,"column":7}},"118":{"start":{"line":197,"column":8},"end":{"line":197,"column":37}},"119":{"start":{"line":199,"column":6},"end":{"line":199,"column":10}},"120":{"start":{"line":201,"column":4},"end":{"line":201,"column":13}},"121":{"start":{"line":203,"column":2},"end":{"line":211,"column":3}},"122":{"start":{"line":204,"column":4},"end":{"line":204,"column":17}},"123":{"start":{"line":205,"column":4},"end":{"line":209,"column":5}},"124":{"start":{"line":206,"column":6},"end":{"line":208,"column":7}},"125":{"start":{"line":207,"column":8},"end":{"line":207,"column":64}},"126":{"start":{"line":210,"column":4},"end":{"line":210,"column":15}},"127":{"start":{"line":215,"column":2},"end":{"line":381,"column":5}},"128":{"start":{"line":216,"column":4},"end":{"line":216,"column":28}},"129":{"start":{"line":217,"column":4},"end":{"line":217,"column":43}},"130":{"start":{"line":219,"column":4},"end":{"line":219,"column":37}},"131":{"start":{"line":220,"column":4},"end":{"line":220,"column":36}},"132":{"start":{"line":222,"column":4},"end":{"line":233,"column":5}},"133":{"start":{"line":223,"column":6},"end":{"line":232,"column":7}},"134":{"start":{"line":224,"column":8},"end":{"line":228,"column":9}},"135":{"start":{"line":225,"column":10},"end":{"line":225,"column":67}},"136":{"start":{"line":227,"column":10},"end":{"line":227,"column":21}},"137":{"start":{"line":230,"column":8},"end":{"line":230,"column":46}},"138":{"start":{"line":231,"column":8},"end":{"line":231,"column":19}},"139":{"start":{"line":236,"column":4},"end":{"line":236,"column":34}},"140":{"start":{"line":238,"column":4},"end":{"line":238,"column":20}},"141":{"start":{"line":239,"column":4},"end":{"line":239,"column":80}},"142":{"start":{"line":240,"column":4},"end":{"line":240,"column":84}},"143":{"start":{"line":241,"column":4},"end":{"line":241,"column":64}},"144":{"start":{"line":242,"column":4},"end":{"line":242,"column":61}},"145":{"start":{"line":243,"column":4},"end":{"line":243,"column":59}},"146":{"start":{"line":244,"column":4},"end":{"line":244,"column":67}},"147":{"start":{"line":246,"column":4},"end":{"line":246,"column":52}},"148":{"start":{"line":247,"column":4},"end":{"line":247,"column":44}},"149":{"start":{"line":249,"column":4},"end":{"line":249,"column":41}},"150":{"start":{"line":250,"column":4},"end":{"line":255,"column":7}},"151":{"start":{"line":257,"column":4},"end":{"line":260,"column":6}},"152":{"start":{"line":263,"column":4},"end":{"line":287,"column":5}},"153":{"start":{"line":264,"column":6},"end":{"line":264,"column":63}},"154":{"start":{"line":266,"column":6},"end":{"line":266,"column":46}},"155":{"start":{"line":267,"column":6},"end":{"line":286,"column":7}},"156":{"start":{"line":268,"column":8},"end":{"line":268,"column":48}},"157":{"start":{"line":269,"column":8},"end":{"line":274,"column":9}},"158":{"start":{"line":270,"column":10},"end":{"line":270,"column":104}},"159":{"start":{"line":272,"column":10},"end":{"line":272,"column":41}},"160":{"start":{"line":273,"column":10},"end":{"line":273,"column":67}},"161":{"start":{"line":275,"column":13},"end":{"line":286,"column":7}},"162":{"start":{"line":276,"column":8},"end":{"line":276,"column":42}},"163":{"start":{"line":277,"column":8},"end":{"line":277,"column":71}},"164":{"start":{"line":278,"column":13},"end":{"line":286,"column":7}},"165":{"start":{"line":279,"column":8},"end":{"line":279,"column":59}},"166":{"start":{"line":280,"column":8},"end":{"line":280,"column":61}},"167":{"start":{"line":281,"column":8},"end":{"line":281,"column":77}},"168":{"start":{"line":281,"column":33},"end":{"line":281,"column":77}},"169":{"start":{"line":282,"column":8},"end":{"line":282,"column":56}},"170":{"start":{"line":284,"column":8},"end":{"line":284,"column":48}},"171":{"start":{"line":285,"column":8},"end":{"line":285,"column":64}},"172":{"start":{"line":289,"column":4},"end":{"line":289,"column":42}},"173":{"start":{"line":290,"column":4},"end":{"line":290,"column":29}},"174":{"start":{"line":291,"column":4},"end":{"line":304,"column":6}},"175":{"start":{"line":292,"column":6},"end":{"line":292,"column":32}},"176":{"start":{"line":292,"column":25},"end":{"line":292,"column":32}},"177":{"start":{"line":293,"column":6},"end":{"line":293,"column":26}},"178":{"start":{"line":294,"column":6},"end":{"line":294,"column":20}},"179":{"start":{"line":295,"column":6},"end":{"line":297,"column":7}},"180":{"start":{"line":296,"column":8},"end":{"line":296,"column":69}},"181":{"start":{"line":298,"column":6},"end":{"line":298,"column":63}},"182":{"start":{"line":299,"column":6},"end":{"line":302,"column":7}},"183":{"start":{"line":300,"column":8},"end":{"line":300,"column":31}},"184":{"start":{"line":301,"column":8},"end":{"line":301,"column":55}},"185":{"start":{"line":303,"column":6},"end":{"line":303,"column":13}},"186":{"start":{"line":306,"column":4},"end":{"line":306,"column":43}},"187":{"start":{"line":307,"column":4},"end":{"line":307,"column":32}},"188":{"start":{"line":309,"column":4},"end":{"line":311,"column":7}},"189":{"start":{"line":310,"column":6},"end":{"line":310,"column":53}},"190":{"start":{"line":312,"column":4},"end":{"line":316,"column":7}},"191":{"start":{"line":313,"column":6},"end":{"line":313,"column":25}},"192":{"start":{"line":314,"column":6},"end":{"line":314,"column":46}},"193":{"start":{"line":315,"column":6},"end":{"line":315,"column":21}},"194":{"start":{"line":317,"column":4},"end":{"line":320,"column":7}},"195":{"start":{"line":318,"column":6},"end":{"line":318,"column":52}},"196":{"start":{"line":319,"column":6},"end":{"line":319,"column":21}},"197":{"start":{"line":321,"column":4},"end":{"line":324,"column":7}},"198":{"start":{"line":322,"column":6},"end":{"line":322,"column":54}},"199":{"start":{"line":323,"column":6},"end":{"line":323,"column":21}},"200":{"start":{"line":326,"column":4},"end":{"line":376,"column":7}},"201":{"start":{"line":329,"column":6},"end":{"line":374,"column":9}},"202":{"start":{"line":330,"column":8},"end":{"line":330,"column":27}},"203":{"start":{"line":330,"column":17},"end":{"line":330,"column":27}},"204":{"start":{"line":332,"column":8},"end":{"line":332,"column":24}},"205":{"start":{"line":334,"column":8},"end":{"line":337,"column":11}},"206":{"start":{"line":335,"column":10},"end":{"line":335,"column":65}},"207":{"start":{"line":336,"column":10},"end":{"line":336,"column":25}},"208":{"start":{"line":338,"column":8},"end":{"line":340,"column":11}},"209":{"start":{"line":339,"column":10},"end":{"line":339,"column":51}},"210":{"start":{"line":341,"column":8},"end":{"line":345,"column":11}},"211":{"start":{"line":342,"column":10},"end":{"line":342,"column":29}},"212":{"start":{"line":343,"column":10},"end":{"line":343,"column":44}},"213":{"start":{"line":344,"column":10},"end":{"line":344,"column":25}},"214":{"start":{"line":346,"column":8},"end":{"line":348,"column":11}},"215":{"start":{"line":347,"column":10},"end":{"line":347,"column":48}},"216":{"start":{"line":350,"column":8},"end":{"line":350,"column":43}},"217":{"start":{"line":353,"column":8},"end":{"line":372,"column":11}},"218":{"start":{"line":358,"column":10},"end":{"line":371,"column":13}},"219":{"start":{"line":359,"column":12},"end":{"line":359,"column":39}},"220":{"start":{"line":360,"column":12},"end":{"line":360,"column":40}},"221":{"start":{"line":361,"column":12},"end":{"line":361,"column":46}},"222":{"start":{"line":363,"column":12},"end":{"line":363,"column":40}},"223":{"start":{"line":363,"column":22},"end":{"line":363,"column":40}},"224":{"start":{"line":366,"column":12},"end":{"line":370,"column":15}},"225":{"start":{"line":368,"column":14},"end":{"line":368,"column":47}},"226":{"start":{"line":369,"column":14},"end":{"line":369,"column":32}},"227":{"start":{"line":378,"column":4},"end":{"line":380,"column":5}},"228":{"start":{"line":379,"column":6},"end":{"line":379,"column":19}}},"branchMap":{"1":{"line":12,"type":"binary-expr","locations":[{"start":{"line":12,"column":15},"end":{"line":12,"column":25}},{"start":{"line":12,"column":29},"end":{"line":12,"column":40}}]},"2":{"line":49,"type":"if","locations":[{"start":{"line":49,"column":4},"end":{"line":49,"column":4}},{"start":{"line":49,"column":4},"end":{"line":49,"column":4}}]},"3":{"line":55,"type":"if","locations":[{"start":{"line":55,"column":4},"end":{"line":55,"column":4}},{"start":{"line":55,"column":4},"end":{"line":55,"column":4}}]},"4":{"line":63,"type":"if","locations":[{"start":{"line":63,"column":6},"end":{"line":63,"column":6}},{"start":{"line":63,"column":6},"end":{"line":63,"column":6}}]},"5":{"line":64,"type":"if","locations":[{"start":{"line":64,"column":8},"end":{"line":64,"column":8}},{"start":{"line":64,"column":8},"end":{"line":64,"column":8}}]},"6":{"line":66,"type":"if","locations":[{"start":{"line":66,"column":10},"end":{"line":66,"column":10}},{"start":{"line":66,"column":10},"end":{"line":66,"column":10}}]},"7":{"line":72,"type":"if","locations":[{"start":{"line":72,"column":10},"end":{"line":72,"column":10}},{"start":{"line":72,"column":10},"end":{"line":72,"column":10}}]},"8":{"line":90,"type":"if","locations":[{"start":{"line":90,"column":4},"end":{"line":90,"column":4}},{"start":{"line":90,"column":4},"end":{"line":90,"column":4}}]},"9":{"line":91,"type":"cond-expr","locations":[{"start":{"line":91,"column":60},"end":{"line":91,"column":66}},{"start":{"line":91,"column":69},"end":{"line":91,"column":74}}]},"10":{"line":100,"type":"if","locations":[{"start":{"line":100,"column":8},"end":{"line":100,"column":8}},{"start":{"line":100,"column":8},"end":{"line":100,"column":8}}]},"11":{"line":105,"type":"if","locations":[{"start":{"line":105,"column":10},"end":{"line":105,"column":10}},{"start":{"line":105,"column":10},"end":{"line":105,"column":10}}]},"12":{"line":112,"type":"if","locations":[{"start":{"line":112,"column":4},"end":{"line":112,"column":4}},{"start":{"line":112,"column":4},"end":{"line":112,"column":4}}]},"13":{"line":114,"type":"if","locations":[{"start":{"line":114,"column":8},"end":{"line":114,"column":8}},{"start":{"line":114,"column":8},"end":{"line":114,"column":8}}]},"14":{"line":114,"type":"binary-expr","locations":[{"start":{"line":114,"column":12},"end":{"line":114,"column":27}},{"start":{"line":114,"column":31},"end":{"line":114,"column":90}}]},"15":{"line":129,"type":"if","locations":[{"start":{"line":129,"column":4},"end":{"line":129,"column":4}},{"start":{"line":129,"column":4},"end":{"line":129,"column":4}}]},"16":{"line":134,"type":"if","locations":[{"start":{"line":134,"column":4},"end":{"line":134,"column":4}},{"start":{"line":134,"column":4},"end":{"line":134,"column":4}}]},"17":{"line":140,"type":"cond-expr","locations":[{"start":{"line":141,"column":6},"end":{"line":141,"column":18}},{"start":{"line":142,"column":6},"end":{"line":142,"column":30}}]},"18":{"line":145,"type":"cond-expr","locations":[{"start":{"line":145,"column":57},"end":{"line":145,"column":78}},{"start":{"line":145,"column":81},"end":{"line":145,"column":85}}]},"19":{"line":146,"type":"if","locations":[{"start":{"line":146,"column":6},"end":{"line":146,"column":6}},{"start":{"line":146,"column":6},"end":{"line":146,"column":6}}]},"20":{"line":152,"type":"if","locations":[{"start":{"line":152,"column":4},"end":{"line":152,"column":4}},{"start":{"line":152,"column":4},"end":{"line":152,"column":4}}]},"21":{"line":154,"type":"if","locations":[{"start":{"line":154,"column":6},"end":{"line":154,"column":6}},{"start":{"line":154,"column":6},"end":{"line":154,"column":6}}]},"22":{"line":157,"type":"if","locations":[{"start":{"line":157,"column":13},"end":{"line":157,"column":13}},{"start":{"line":157,"column":13},"end":{"line":157,"column":13}}]},"23":{"line":160,"type":"if","locations":[{"start":{"line":160,"column":13},"end":{"line":160,"column":13}},{"start":{"line":160,"column":13},"end":{"line":160,"column":13}}]},"24":{"line":161,"type":"binary-expr","locations":[{"start":{"line":161,"column":15},"end":{"line":161,"column":49}},{"start":{"line":161,"column":53},"end":{"line":161,"column":57}}]},"25":{"line":163,"type":"if","locations":[{"start":{"line":163,"column":13},"end":{"line":163,"column":13}},{"start":{"line":163,"column":13},"end":{"line":163,"column":13}}]},"26":{"line":164,"type":"binary-expr","locations":[{"start":{"line":164,"column":15},"end":{"line":164,"column":61}},{"start":{"line":164,"column":65},"end":{"line":164,"column":69}}]},"27":{"line":177,"type":"if","locations":[{"start":{"line":177,"column":4},"end":{"line":177,"column":4}},{"start":{"line":177,"column":4},"end":{"line":177,"column":4}}]},"28":{"line":178,"type":"if","locations":[{"start":{"line":178,"column":6},"end":{"line":178,"column":6}},{"start":{"line":178,"column":6},"end":{"line":178,"column":6}}]},"29":{"line":180,"type":"if","locations":[{"start":{"line":180,"column":13},"end":{"line":180,"column":13}},{"start":{"line":180,"column":13},"end":{"line":180,"column":13}}]},"30":{"line":185,"type":"if","locations":[{"start":{"line":185,"column":8},"end":{"line":185,"column":8}},{"start":{"line":185,"column":8},"end":{"line":185,"column":8}}]},"31":{"line":189,"type":"if","locations":[{"start":{"line":189,"column":4},"end":{"line":189,"column":4}},{"start":{"line":189,"column":4},"end":{"line":189,"column":4}}]},"32":{"line":196,"type":"if","locations":[{"start":{"line":196,"column":6},"end":{"line":196,"column":6}},{"start":{"line":196,"column":6},"end":{"line":196,"column":6}}]},"33":{"line":207,"type":"cond-expr","locations":[{"start":{"line":207,"column":31},"end":{"line":207,"column":33}},{"start":{"line":207,"column":34},"end":{"line":207,"column":44}}]},"34":{"line":222,"type":"if","locations":[{"start":{"line":222,"column":4},"end":{"line":222,"column":4}},{"start":{"line":222,"column":4},"end":{"line":222,"column":4}}]},"35":{"line":223,"type":"if","locations":[{"start":{"line":223,"column":6},"end":{"line":223,"column":6}},{"start":{"line":223,"column":6},"end":{"line":223,"column":6}}]},"36":{"line":225,"type":"binary-expr","locations":[{"start":{"line":225,"column":29},"end":{"line":225,"column":59}},{"start":{"line":225,"column":63},"end":{"line":225,"column":65}}]},"37":{"line":239,"type":"cond-expr","locations":[{"start":{"line":239,"column":47},"end":{"line":239,"column":63}},{"start":{"line":239,"column":66},"end":{"line":239,"column":79}}]},"38":{"line":240,"type":"cond-expr","locations":[{"start":{"line":240,"column":49},"end":{"line":240,"column":66}},{"start":{"line":240,"column":69},"end":{"line":240,"column":83}}]},"39":{"line":241,"type":"cond-expr","locations":[{"start":{"line":241,"column":38},"end":{"line":241,"column":57}},{"start":{"line":241,"column":60},"end":{"line":241,"column":63}}]},"40":{"line":242,"type":"cond-expr","locations":[{"start":{"line":242,"column":36},"end":{"line":242,"column":54}},{"start":{"line":242,"column":57},"end":{"line":242,"column":60}}]},"41":{"line":243,"type":"binary-expr","locations":[{"start":{"line":243,"column":22},"end":{"line":243,"column":53}},{"start":{"line":243,"column":57},"end":{"line":243,"column":58}}]},"42":{"line":244,"type":"binary-expr","locations":[{"start":{"line":244,"column":20},"end":{"line":244,"column":38}},{"start":{"line":244,"column":42},"end":{"line":244,"column":66}}]},"43":{"line":247,"type":"binary-expr","locations":[{"start":{"line":247,"column":17},"end":{"line":247,"column":37}},{"start":{"line":247,"column":41},"end":{"line":247,"column":43}}]},"44":{"line":263,"type":"if","locations":[{"start":{"line":263,"column":4},"end":{"line":263,"column":4}},{"start":{"line":263,"column":4},"end":{"line":263,"column":4}}]},"45":{"line":263,"type":"binary-expr","locations":[{"start":{"line":263,"column":8},"end":{"line":263,"column":39}},{"start":{"line":263,"column":43},"end":{"line":263,"column":60}}]},"46":{"line":267,"type":"if","locations":[{"start":{"line":267,"column":6},"end":{"line":267,"column":6}},{"start":{"line":267,"column":6},"end":{"line":267,"column":6}}]},"47":{"line":269,"type":"if","locations":[{"start":{"line":269,"column":8},"end":{"line":269,"column":8}},{"start":{"line":269,"column":8},"end":{"line":269,"column":8}}]},"48":{"line":275,"type":"if","locations":[{"start":{"line":275,"column":13},"end":{"line":275,"column":13}},{"start":{"line":275,"column":13},"end":{"line":275,"column":13}}]},"49":{"line":278,"type":"if","locations":[{"start":{"line":278,"column":13},"end":{"line":278,"column":13}},{"start":{"line":278,"column":13},"end":{"line":278,"column":13}}]},"50":{"line":281,"type":"if","locations":[{"start":{"line":281,"column":8},"end":{"line":281,"column":8}},{"start":{"line":281,"column":8},"end":{"line":281,"column":8}}]},"51":{"line":292,"type":"if","locations":[{"start":{"line":292,"column":6},"end":{"line":292,"column":6}},{"start":{"line":292,"column":6},"end":{"line":292,"column":6}}]},"52":{"line":295,"type":"if","locations":[{"start":{"line":295,"column":6},"end":{"line":295,"column":6}},{"start":{"line":295,"column":6},"end":{"line":295,"column":6}}]},"53":{"line":296,"type":"binary-expr","locations":[{"start":{"line":296,"column":40},"end":{"line":296,"column":61}},{"start":{"line":296,"column":65},"end":{"line":296,"column":67}}]},"54":{"line":299,"type":"if","locations":[{"start":{"line":299,"column":6},"end":{"line":299,"column":6}},{"start":{"line":299,"column":6},"end":{"line":299,"column":6}}]},"55":{"line":299,"type":"binary-expr","locations":[{"start":{"line":299,"column":9},"end":{"line":299,"column":35}},{"start":{"line":299,"column":39},"end":{"line":299,"column":42}}]},"56":{"line":330,"type":"if","locations":[{"start":{"line":330,"column":8},"end":{"line":330,"column":8}},{"start":{"line":330,"column":8},"end":{"line":330,"column":8}}]},"57":{"line":363,"type":"if","locations":[{"start":{"line":363,"column":12},"end":{"line":363,"column":12}},{"start":{"line":363,"column":12},"end":{"line":363,"column":12}}]},"58":{"line":378,"type":"if","locations":[{"start":{"line":378,"column":4},"end":{"line":378,"column":4}},{"start":{"line":378,"column":4},"end":{"line":378,"column":4}}]}},"code":["//","// Grunt Task File","// ---------------","//","// Task: SFTP Deploy","// Description: Deploy code over SFTP","// Dependencies: ssh2","//","","module.exports = function(grunt) {","","  grunt.util = grunt.util || grunt.utils;","","  var async = grunt.util.async;","  var log = grunt.log;","  var _ = grunt.util._;","  var file = grunt.file;","  var fs = require('fs');","  var path = require('path');","  var util = require('util');","  var SSHConnection = require('ssh2');","  var progress = require('progress');","","  var toTransfer;","  var sftpConn;","  var sshConn;","  var localRoot;","  var remoteRoot;","  var remoteSep;","  var localSep = '/';","  var authVals;","  var exclusions;","  var progressLogger;","  var transferred = 0;","  var with_progress = true;","","  var cache;","  var cacheEnabled;","  var cacheFileName;","","  // A method for parsing the source location and storing the information into a suitably formated object","  function dirParseSync(startDir, result) {","    var files;","    var i;","    var tmpPath;","    var currFile;","","    // initialize the `result` object if it is the first iteration","    if (result === undefined) {","      result = {};","      result[localSep] = [];","    }","","    // check if `startDir` is a valid location","    if (!fs.existsSync(startDir)) {","      grunt.warn(startDir + ' is not an existing location');","    }","","    // iterate throught the contents of the `startDir` location of the current iteration","    files = fs.readdirSync(startDir);","    for (i = 0; i < files.length; i++) {","      currFile = startDir + localSep + files[i];","      if (!file.isMatch({matchBase: true}, exclusions, currFile)) {","        if (file.isDir(currFile)) {","          tmpPath = path.relative(localRoot, startDir + localSep + files[i]);","          if (!_.has(result, tmpPath)) {","            result[tmpPath] = [];","          }","          dirParseSync(currFile, result);","        } else {","          tmpPath = path.relative(localRoot, startDir);","          if (!tmpPath.length) {","            tmpPath = localSep;","          }","          result[tmpPath].push(files[i]);","        }","      }","    }","","    return result;","  }","","  // A method for uploading a single file","  function sftpPut(inFilename, cb) {","    var fromFile, toFile, from, to;","","    fromFile = localRoot + localSep + inFilename;","    toFile = remoteRoot + remoteSep + inFilename.split(localSep).join(remoteSep);","","    if(localSep != remoteSep) {","      toFile = toFile.replace(new RegExp(localSep == '\\\\' ? '\\\\\\\\' : '\\\\/', 'g'), remoteSep);","    }","","    grunt.verbose.write(fromFile + ' to ' + toFile);","","    var f_size = fs.statSync(fromFile).size;","","    var upload = function(fromFile, toFile, cb) {","      sftpConn.fastPut( fromFile, toFile, function(err){","        if (err){","          log.write((' Error uploading file: ' + err.message).red + '\\n');","          cb(err);","        } else {","          grunt.verbose.write(' done'.green + '\\n' );","          if( with_progress ) progressLogger.tick();","          transferred += parseInt(f_size/1024);","          cb(null);","        }","      });","    };","","    if (cacheEnabled) {","      fs.stat(fromFile, function(err, fromFileData){","        if (cache[fromFile] && +new Date(cache[fromFile]) >= +new Date(fromFileData.mtime)) {","          cb(null);","        } else {","          cache[fromFile] = fromFileData.mtime;","          upload(fromFile, toFile, cb);","        }","      } );","    } else {","      upload(fromFile, toFile, cb);","    }","","  }","","  // A method that processes a location - changes to a folder and uploads all respective files","  function sftpProcessDirectories (inPath, cb) {","    if (!toTransfer[inPath]) {","      cb(new Error('Data for ' + inPath + ' not found'));","    }","    var remoteInPath;","","    if(inPath.indexOf(localSep) !== -1){","      remoteInPath = inPath.split(localSep).join(remoteSep);","    }else{","      remoteInPath = inPath;","    }","","    var remotePath = remoteRoot + (remoteInPath == remoteSep ?","      remoteInPath :","      remoteSep + remoteInPath);","","    sftpConn.mkdir(remotePath, {mode: 0755}, function(err) {","      grunt.verbose.writeln('mkdir ' + remotePath, err ? 'error or dir exists' : 'ok');","      if( with_progress ) progressLogger.tick();","      cb(null);","    });","  }","","  function getAuthByKey(inKey) {","    if (inKey !== null) {","","      if (typeof inKey == 'object') {","        return inKey;","","      } else if (process.env[inKey]) {","        return JSON.parse(process.env[inKey]);","","      } else if (fs.existsSync(inKey)) {","        return JSON.parse(grunt.file.read(inKey)) || null;","","      } else if (fs.existsSync('.ftppass')) {","        return JSON.parse(grunt.file.read('.ftppass'))[inKey] || null;","      }","","    } else return null;","  }","","  function getKeyLocation(customKey) {","    var keyLocation = null;","    var defaultKeys = [","      process.env.HOME + '/.ssh/id_dsa',","      process.env.HOME + '/.ssh/id_rsa'","    ];","","    if (customKey) {","      if (fs.existsSync(customKey)) {","        keyLocation = customKey;","      } else if (fs.existsSync(path.join(process.env.HOME, '.ssh', customKey))) {","        keyLocation = path.join(process.env.HOME, '.ssh', customKey);","      }","    } else {","      for (var i = 0; i < defaultKeys.length; i++) {","        if (fs.existsSync(defaultKeys[i])) keyLocation = defaultKeys[i];","      }","    }","","    if (keyLocation === null) grunt.warn('Could not find private key.');","    return keyLocation;","  }","","  function getLength(toTransfer){","    var i = 0;","    for(var n in toTransfer ){","      if(!toTransfer[n].substr){","        i+= getLength(toTransfer[n]);","      }","      i++;","    }","    return i;","  }","  function getFiles(toTransfer){","    var ret = [];","    for(var n in toTransfer ){","      for( var k in toTransfer[n]){","        ret.push( (n==localSep?\"\":n+localSep)+toTransfer[n][k]);","      }","    }","    return ret;","  }","","","  // The main grunt task","  grunt.registerMultiTask('sftp-deploy', 'Deploy code over SFTP', function() {","    var done = this.async();","    var keyLocation,connection,agentSocket;","","    cacheEnabled = !!this.data.cache;","    cacheFileName = this.data.cache;","","    if (cacheEnabled) {","      if (fs.existsSync(cacheFileName)) {","        try{","          cache = JSON.parse(fs.readFileSync(cacheFileName) || {});","        } catch(e) {","          cache = {};","        }","      } else {","        fs.writeFileSync(cacheFileName, '{}');","        cache = {};","      }","    }","","    // Init","    sshConn = new SSHConnection();","","    transferred = 0;","    localRoot = Array.isArray(this.data.src) ? this.data.src[0] : this.data.src;","    remoteRoot = Array.isArray(this.data.dest) ? this.data.dest[0] : this.data.dest;","    remoteSep = this.data.serverSep ? this.data.serverSep : \"/\";","    localSep = this.data.localSep ? this.data.localSep : \"/\";","    var concurrency = parseInt(this.data.concurrency) || 4;","    with_progress = this.data.progress || !grunt.option(\"verbose\");","","    authVals = getAuthByKey(this.data.auth.authKey);","    exclusions = this.data.exclusions || [];","","    toTransfer = dirParseSync(localRoot);","    progressLogger = new progress('  transferred=[:current/:total] elapsed=[:elapseds] overall=[:percent] eta=[:etas] [:bar]', {","      complete: '=',","      incomplete: ' ',","      width: 40,","      total: getLength(toTransfer)","    });","","    connection = {","      host: this.data.auth.host,","      port: this.data.auth.port","    };","","    // Use either password or key-based login","    if (typeof authVals === 'undefined' || authVals === null) {","      grunt.warn('.ftppass seems to be missing or incomplete');","    } else {","      connection.username = authVals.username;","      if (authVals.agent === true) {","        agentSocket = process.env.SSH_AUTH_SOCK;","        if (agentSocket === undefined) {","          log.warn('Could not get the ssh-agent socket. Is the SSH_AUTH_SOCK enviroment variable set?');","        } else {","          connection.agent = agentSocket;","          log.ok('Logging in with ssh-agent-based authentication');","        }","      } else if (typeof authVals.agent === 'string') {","        connection.agent = authVals.agent;","        log.ok('Logging in with SSH agent \"' + connection.agent + '\"');","      } else if (authVals.password === undefined) {","        keyLocation = getKeyLocation(authVals.keyLocation);","        connection.privateKey = fs.readFileSync(keyLocation);","        if (authVals.passphrase) connection.passphrase = authVals.passphrase;","        log.ok('Logging in with key at ' + keyLocation);","      } else {","        connection.password = authVals.password;","        log.ok('Logging in with username ' + authVals.username);","      }","    }","","    var has_transferred_all_files = false;","    var already_done = false;","    var done_handler = function(err){","      if( already_done ) return;","      already_done = true;","      sshConn.end();","      if (cacheEnabled) {","        fs.writeFileSync(cacheFileName, JSON.stringify(cache) || {});","      }","      grunt.log.ok(\"Transferred : \"+(transferred/1024)+\" Mb\" );","      if(!has_transferred_all_files || err){","        grunt.log.writeln(err);","        grunt.fail.fatal('Transfer did not succeeded');","      }","      done();","    };","","    log.ok('Concurrency : ' + concurrency);","    sshConn.connect(connection);","","    sshConn.on('connect', function () {","      grunt.verbose.writeln('Connection :: connect');","    });","    sshConn.on('error', function (e) {","      grunt.log.error(e);","      grunt.fail.fatal('Connection :: error');","      done_handler();","    });","    sshConn.on('end', function (e) {","      grunt.verbose.writeln('Connection :: end', e);","      done_handler();","    });","    sshConn.on('close', function (e) {","      grunt.verbose.writeln('Connection :: close', e);","      done_handler();","    });","","    sshConn.on('ready', function () {","      // console.log('Connection :: ready');","","      sshConn.sftp(function (err, sftp) {","        if (err) throw err;","","        sftpConn = sftp;","","        sftp.on('end', function (e) {","          grunt.verbose.writeln('SFTP :: SFTP session closed',e);","          done_handler();","        });","        sftp.on('close', function (e) {","          grunt.verbose.writeln('SFTP :: close',e);","        });","        sftp.on('error', function (e) {","          grunt.log.error(e);","          grunt.fail.fatal('SFTP :: error');","          done_handler();","        });","        sftp.on('open', function () {","          grunt.verbose.writeln('SFTP :: open');","        });","","        var locations = _.keys(toTransfer);","        // console.dir(locations);","","        sftp.mkdir(remoteRoot, {mode: 0755}, function(err) {","          // ignore err to not block if dir already exists","          // if( err ) return done_handler(err);","","          // Iterating through all location from the `localRoot` in parallel","          async.forEachSeries(locations, sftpProcessDirectories, function(err) {","            grunt.verbose.writeln(' ');","            log.ok('Directories done.');","            has_transferred_all_files = false;","","            if( err ) done_handler(err);","","            // Iterating through all location from the `localRoot` in parallel","            async.forEachLimit(getFiles(toTransfer), concurrency, sftpPut, function (err) {","              // console.log('callback');","              has_transferred_all_files = true;","              done_handler(err);","            });","          });","        });","","      });","","    });","","    if (grunt.errors) {","      return false;","    }","  });","};",""],"l":{"10":1,"12":0,"14":0,"15":0,"16":0,"17":0,"18":0,"19":0,"20":0,"21":0,"22":0,"24":0,"25":0,"26":0,"27":0,"28":0,"29":0,"30":0,"31":0,"32":0,"33":0,"34":0,"35":0,"37":0,"38":0,"39":0,"42":1,"43":0,"44":0,"45":0,"46":0,"49":0,"50":0,"51":0,"55":0,"56":0,"60":0,"61":0,"62":0,"63":0,"64":0,"65":0,"66":0,"67":0,"69":0,"71":0,"72":0,"73":0,"75":0,"80":0,"84":1,"85":0,"87":0,"88":0,"90":0,"91":0,"94":0,"96":0,"98":0,"99":0,"100":0,"101":0,"102":0,"104":0,"105":0,"106":0,"107":0,"112":0,"113":0,"114":0,"115":0,"117":0,"118":0,"122":0,"128":1,"129":0,"130":0,"132":0,"134":0,"135":0,"137":0,"140":0,"144":0,"145":0,"146":0,"147":0,"151":1,"152":0,"154":0,"155":0,"157":0,"158":0,"160":0,"161":0,"163":0,"164":0,"167":0,"170":1,"171":0,"172":0,"177":0,"178":0,"179":0,"180":0,"181":0,"184":0,"185":0,"189":0,"190":0,"193":1,"194":0,"195":0,"196":0,"197":0,"199":0,"201":0,"203":1,"204":0,"205":0,"206":0,"207":0,"210":0,"215":0,"216":0,"217":0,"219":0,"220":0,"222":0,"223":0,"224":0,"225":0,"227":0,"230":0,"231":0,"236":0,"238":0,"239":0,"240":0,"241":0,"242":0,"243":0,"244":0,"246":0,"247":0,"249":0,"250":0,"257":0,"263":0,"264":0,"266":0,"267":0,"268":0,"269":0,"270":0,"272":0,"273":0,"275":0,"276":0,"277":0,"278":0,"279":0,"280":0,"281":0,"282":0,"284":0,"285":0,"289":0,"290":0,"291":0,"292":0,"293":0,"294":0,"295":0,"296":0,"298":0,"299":0,"300":0,"301":0,"303":0,"306":0,"307":0,"309":0,"310":0,"312":0,"313":0,"314":0,"315":0,"317":0,"318":0,"319":0,"321":0,"322":0,"323":0,"326":0,"329":0,"330":0,"332":0,"334":0,"335":0,"336":0,"338":0,"339":0,"341":0,"342":0,"343":0,"344":0,"346":0,"347":0,"350":0,"353":0,"358":0,"359":0,"360":0,"361":0,"363":0,"366":0,"368":0,"369":0,"378":0,"379":0}}}